<?xml version="1.0" encoding="UTF-8"?>
<testsuite xmlns:xsi="http://www.w3.org/2001/XMLSchema-instance" xsi:noNamespaceSchemaLocation="https://maven.apache.org/surefire/maven-surefire-plugin/xsd/surefire-test-report.xsd" version="3.0.2" name="mx.ipn.escom.Recomendaciones.RecomendacionesApplicationTests" time="18.15" tests="1" errors="0" skipped="0" failures="0">
  <properties>
[...]
</properties>
  <testcase name="contextLoads" classname="mx.ipn.escom.Recomendaciones.RecomendacionesApplicationTests" time="1.416">
    <system-out><![CDATA[17:04:49.814 [main] INFO org.springframework.boot.devtools.restart.RestartApplicationListener -- Restart disabled due to context in which it is running

  .   ____          _            __ _ _
 /\\ / ___'_ __ _ _(_)_ __  __ _ \ \ \ \
( ( )\___ | '_ | '_| | '_ \/ _` | \ \ \ \
 \\/  ___)| |_)| | | | | || (_| |  ) ) ) )
  '  |____| .__|_| |_|_| |_\__, | / / / /
 =========|_|==============|___/=/_/_/_/

 :: Spring Boot ::                (v3.4.2)

2025-05-28T17:04:50.781-06:00  INFO 10460 --- [Recomendaciones] [           main] m.i.e.R.RecomendacionesApplicationTests  : Starting RecomendacionesApplicationTests using Java 21.0.6 with PID 10460 (started by Isaac Pardo in C:\Users\isaac\Downloads\Individual-main\Individual-main)
2025-05-28T17:04:50.784-06:00  INFO 10460 --- [Recomendaciones] [           main] m.i.e.R.RecomendacionesApplicationTests  : No active profile set, falling back to 1 default profile: "default"
2025-05-28T17:04:50.785-06:00 DEBUG 10460 --- [Recomendaciones] [           main] o.s.boot.SpringApplication               : Loading source class mx.ipn.escom.Recomendaciones.auth.RecomendacionesApplication
2025-05-28T17:04:50.941-06:00 DEBUG 10460 --- [Recomendaciones] [           main] o.s.w.c.s.GenericWebApplicationContext   : Refreshing org.springframework.web.context.support.GenericWebApplicationContext@2fb68ec6
2025-05-28T17:04:51.000-06:00 DEBUG 10460 --- [Recomendaciones] [           main] o.s.b.f.s.DefaultListableBeanFactory     : Creating shared instance of singleton bean 'org.springframework.context.annotation.internalConfigurationAnnotationProcessor'
2025-05-28T17:04:51.048-06:00 DEBUG 10460 --- [Recomendaciones] [           main] o.s.b.f.s.DefaultListableBeanFactory     : Creating shared instance of singleton bean 'org.springframework.boot.autoconfigure.internalCachingMetadataReaderFactory'
2025-05-28T17:04:51.262-06:00 DEBUG 10460 --- [Recomendaciones] [           main] o.s.c.a.ClassPathBeanDefinitionScanner   : Identified candidate component class: file [C:\Users\isaac\Downloads\Individual-main\Individual-main\target\classes\mx\ipn\escom\Recomendaciones\auth\config\SecurityConfig.class]
2025-05-28T17:04:51.314-06:00 DEBUG 10460 --- [Recomendaciones] [           main] o.s.c.a.ClassPathBeanDefinitionScanner   : Identified candidate component class: file [C:\Users\isaac\Downloads\Individual-main\Individual-main\target\classes\mx\ipn\escom\Recomendaciones\auth\controller\AdminController.class]
2025-05-28T17:04:51.326-06:00 DEBUG 10460 --- [Recomendaciones] [           main] o.s.c.a.ClassPathBeanDefinitionScanner   : Identified candidate component class: file [C:\Users\isaac\Downloads\Individual-main\Individual-main\target\classes\mx\ipn\escom\Recomendaciones\auth\controller\AdminUserController.class]
2025-05-28T17:04:51.335-06:00 DEBUG 10460 --- [Recomendaciones] [           main] o.s.c.a.ClassPathBeanDefinitionScanner   : Identified candidate component class: file [C:\Users\isaac\Downloads\Individual-main\Individual-main\target\classes\mx\ipn\escom\Recomendaciones\auth\controller\ApiAuthController.class]
2025-05-28T17:04:51.337-06:00 DEBUG 10460 --- [Recomendaciones] [           main] o.s.c.a.ClassPathBeanDefinitionScanner   : Identified candidate component class: file [C:\Users\isaac\Downloads\Individual-main\Individual-main\target\classes\mx\ipn\escom\Recomendaciones\auth\controller\ApiRegisterController.class]
2025-05-28T17:04:51.339-06:00 DEBUG 10460 --- [Recomendaciones] [           main] o.s.c.a.ClassPathBeanDefinitionScanner   : Identified candidate component class: file [C:\Users\isaac\Downloads\Individual-main\Individual-main\target\classes\mx\ipn\escom\Recomendaciones\auth\controller\LibrosController.class]
2025-05-28T17:04:51.346-06:00 DEBUG 10460 --- [Recomendaciones] [           main] o.s.c.a.ClassPathBeanDefinitionScanner   : Identified candidate component class: file [C:\Users\isaac\Downloads\Individual-main\Individual-main\target\classes\mx\ipn\escom\Recomendaciones\auth\controller\LoginController.class]
2025-05-28T17:04:51.351-06:00 DEBUG 10460 --- [Recomendaciones] [           main] o.s.c.a.ClassPathBeanDefinitionScanner   : Identified candidate component class: file [C:\Users\isaac\Downloads\Individual-main\Individual-main\target\classes\mx\ipn\escom\Recomendaciones\auth\controller\PeliculasController.class]
2025-05-28T17:04:51.353-06:00 DEBUG 10460 --- [Recomendaciones] [           main] o.s.c.a.ClassPathBeanDefinitionScanner   : Identified candidate component class: file [C:\Users\isaac\Downloads\Individual-main\Individual-main\target\classes\mx\ipn\escom\Recomendaciones\auth\controller\PerfilController.class]
2025-05-28T17:04:51.356-06:00 DEBUG 10460 --- [Recomendaciones] [           main] o.s.c.a.ClassPathBeanDefinitionScanner   : Identified candidate component class: file [C:\Users\isaac\Downloads\Individual-main\Individual-main\target\classes\mx\ipn\escom\Recomendaciones\auth\controller\RegistroController.class]
2025-05-28T17:04:51.358-06:00 DEBUG 10460 --- [Recomendaciones] [           main] o.s.c.a.ClassPathBeanDefinitionScanner   : Identified candidate component class: file [C:\Users\isaac\Downloads\Individual-main\Individual-main\target\classes\mx\ipn\escom\Recomendaciones\auth\controller\UsuarioController.class]
2025-05-28T17:04:51.387-06:00 DEBUG 10460 --- [Recomendaciones] [           main] o.s.c.a.ClassPathBeanDefinitionScanner   : Ignored because not a concrete top-level class: file [C:\Users\isaac\Downloads\Individual-main\Individual-main\target\classes\mx\ipn\escom\Recomendaciones\auth\repository\RolRepository.class]
2025-05-28T17:04:51.390-06:00 DEBUG 10460 --- [Recomendaciones] [           main] o.s.c.a.ClassPathBeanDefinitionScanner   : Ignored because not a concrete top-level class: file [C:\Users\isaac\Downloads\Individual-main\Individual-main\target\classes\mx\ipn\escom\Recomendaciones\auth\repository\UsuarioRepository.class]
2025-05-28T17:04:51.402-06:00 DEBUG 10460 --- [Recomendaciones] [           main] o.s.c.a.ClassPathBeanDefinitionScanner   : Identified candidate component class: file [C:\Users\isaac\Downloads\Individual-main\Individual-main\target\classes\mx\ipn\escom\Recomendaciones\auth\service\CustomUserDetailsService.class]
2025-05-28T17:04:51.406-06:00 DEBUG 10460 --- [Recomendaciones] [           main] o.s.c.a.ClassPathBeanDefinitionScanner   : Identified candidate component class: file [C:\Users\isaac\Downloads\Individual-main\Individual-main\target\classes\mx\ipn\escom\Recomendaciones\auth\service\DatabaseConnectionTest.class]
2025-05-28T17:04:51.416-06:00 DEBUG 10460 --- [Recomendaciones] [           main] o.s.c.a.ClassPathBeanDefinitionScanner   : Identified candidate component class: file [C:\Users\isaac\Downloads\Individual-main\Individual-main\target\classes\mx\ipn\escom\Recomendaciones\auth\service\UsuarioService.class]
2025-05-28T17:04:51.424-06:00 DEBUG 10460 --- [Recomendaciones] [           main] o.s.c.a.ClassPathBeanDefinitionScanner   : Identified candidate component class: file [C:\Users\isaac\Downloads\Individual-main\Individual-main\target\classes\mx\ipn\escom\Recomendaciones\auth\SistemaAutenticacion\DatabaseConnectionRunner.class]
2025-05-28T17:04:52.669-06:00  INFO 10460 --- [Recomendaciones] [           main] .s.d.r.c.RepositoryConfigurationDelegate : Bootstrapping Spring Data JPA repositories in DEFAULT mode.
2025-05-28T17:04:52.703-06:00 DEBUG 10460 --- [Recomendaciones] [           main] .s.d.r.c.RepositoryConfigurationDelegate : Scanning for JPA repositories in packages mx.ipn.escom.Recomendaciones.auth.repository.
2025-05-28T17:04:52.727-06:00 DEBUG 10460 --- [Recomendaciones] [           main] o.s.d.r.c.RepositoryComponentProvider    : Identified candidate component class: file [C:\Users\isaac\Downloads\Individual-main\Individual-main\target\classes\mx\ipn\escom\Recomendaciones\auth\repository\RolRepository.class]
2025-05-28T17:04:52.728-06:00 DEBUG 10460 --- [Recomendaciones] [           main] o.s.d.r.c.RepositoryComponentProvider    : Identified candidate component class: file [C:\Users\isaac\Downloads\Individual-main\Individual-main\target\classes\mx\ipn\escom\Recomendaciones\auth\repository\UsuarioRepository.class]
2025-05-28T17:04:52.824-06:00  INFO 10460 --- [Recomendaciones] [           main] .s.d.r.c.RepositoryConfigurationDelegate : Finished Spring Data repository scanning in 117 ms. Found 2 JPA repository interfaces.
2025-05-28T17:04:53.675-06:00 DEBUG 10460 --- [Recomendaciones] [           main] o.s.b.f.s.DefaultListableBeanFactory     : Creating shared instance of singleton bean 'springSecurityHandlerMappingIntrospectorBeanDefinitionRegistryPostProcessor'
2025-05-28T17:04:53.930-06:00 DEBUG 10460 --- [Recomendaciones] [           main] o.s.b.f.s.DefaultListableBeanFactory     : Creating shared instance of singleton bean 'propertySourcesPlaceholderConfigurer'
2025-05-28T17:04:53.938-06:00 DEBUG 10460 --- [Recomendaciones] [           main] o.s.b.f.s.DefaultListableBeanFactory     : Creating shared instance of singleton bean 'org.springframework.boot.test.mock.mockito.MockitoPostProcessor'
2025-05-28T17:04:53.949-06:00 DEBUG 10460 --- [Recomendaciones] [           main] o.s.b.f.s.DefaultListableBeanFactory     : Creating shared instance of singleton bean 'emBeanDefinitionRegistrarPostProcessor'
2025-05-28T17:04:53.950-06:00 DEBUG 10460 --- [Recomendaciones] [           main] o.s.b.f.s.DefaultListableBeanFactory     : Creating shared instance of singleton bean 'org.springframework.boot.sql.init.dependency.DatabaseInitializationDependencyConfigurer$DependsOnDatabaseInitializationPostProcessor'
2025-05-28T17:04:54.083-06:00 DEBUG 10460 --- [Recomendaciones] [           main] o.s.b.f.s.DefaultListableBeanFactory     : Creating shared instance of singleton bean 'org.springframework.context.event.internalEventListenerProcessor'
2025-05-28T17:04:54.086-06:00 DEBUG 10460 --- [Recomendaciones] [           main] o.s.b.f.s.DefaultListableBeanFactory     : Creating shared instance of singleton bean 'conversionServicePostProcessor'
2025-05-28T17:04:54.111-06:00 DEBUG 10460 --- [Recomendaciones] [           main] o.s.b.f.s.DefaultListableBeanFactory     : Creating shared instance of singleton bean 'preserveErrorControllerTargetClassPostProcessor'
2025-05-28T17:04:54.113-06:00 DEBUG 10460 --- [Recomendaciones] [           main] o.s.b.f.s.DefaultListableBeanFactory     : Creating shared instance of singleton bean 'org.springframework.context.event.internalEventListenerFactory'
2025-05-28T17:04:54.114-06:00 DEBUG 10460 --- [Recomendaciones] [           main] o.s.b.f.s.DefaultListableBeanFactory     : Creating shared instance of singleton bean 'org.springframework.transaction.config.internalTransactionalEventListenerFactory'
2025-05-28T17:04:54.124-06:00 DEBUG 10460 --- [Recomendaciones] [           main] o.s.b.f.s.DefaultListableBeanFactory     : Creating shared instance of singleton bean 'org.springframework.boot.test.mock.mockito.MockitoPostProcessor$SpyPostProcessor'
2025-05-28T17:04:54.126-06:00 DEBUG 10460 --- [Recomendaciones] [           main] o.s.b.f.s.DefaultListableBeanFactory     : Creating shared instance of singleton bean 'org.springframework.context.annotation.internalAutowiredAnnotationProcessor'
2025-05-28T17:04:54.130-06:00 DEBUG 10460 --- [Recomendaciones] [           main] o.s.b.f.s.DefaultListableBeanFactory     : Creating shared instance of singleton bean 'org.springframework.context.annotation.internalCommonAnnotationProcessor'
2025-05-28T17:04:54.139-06:00 DEBUG 10460 --- [Recomendaciones] [           main] o.s.b.f.s.DefaultListableBeanFactory     : Creating shared instance of singleton bean 'org.springframework.context.annotation.internalPersistenceAnnotationProcessor'
2025-05-28T17:04:54.142-06:00 DEBUG 10460 --- [Recomendaciones] [           main] o.s.b.f.s.DefaultListableBeanFactory     : Creating shared instance of singleton bean 'org.springframework.boot.context.properties.ConfigurationPropertiesBindingPostProcessor'
2025-05-28T17:04:54.144-06:00 DEBUG 10460 --- [Recomendaciones] [           main] o.s.b.f.s.DefaultListableBeanFactory     : Creating shared instance of singleton bean 'org.springframework.boot.context.internalConfigurationPropertiesBinder'
2025-05-28T17:04:54.151-06:00 DEBUG 10460 --- [Recomendaciones] [           main] o.s.b.f.s.DefaultListableBeanFactory     : Creating shared instance of singleton bean 'jdbcConnectionDetailsHikariBeanPostProcessor'
2025-05-28T17:04:54.158-06:00 DEBUG 10460 --- [Recomendaciones] [           main] o.s.b.f.s.DefaultListableBeanFactory     : Creating shared instance of singleton bean 'org.springframework.aop.config.internalAutoProxyCreator'
2025-05-28T17:04:54.238-06:00 DEBUG 10460 --- [Recomendaciones] [           main] o.s.b.f.s.DefaultListableBeanFactory     : Creating shared instance of singleton bean 'persistenceExceptionTranslationPostProcessor'
2025-05-28T17:04:54.246-06:00 DEBUG 10460 --- [Recomendaciones] [           main] o.s.b.f.s.DefaultListableBeanFactory     : Autowiring by type from bean name 'persistenceExceptionTranslationPostProcessor' via factory method to bean named 'environment'
2025-05-28T17:04:54.260-06:00 DEBUG 10460 --- [Recomendaciones] [           main] o.s.b.f.s.DefaultListableBeanFactory     : Creating shared instance of singleton bean 'webServerFactoryCustomizerBeanPostProcessor'
2025-05-28T17:04:54.263-06:00 DEBUG 10460 --- [Recomendaciones] [           main] o.s.b.f.s.DefaultListableBeanFactory     : Creating shared instance of singleton bean 'errorPageRegistrarBeanPostProcessor'
2025-05-28T17:04:54.264-06:00 DEBUG 10460 --- [Recomendaciones] [           main] o.s.b.f.s.DefaultListableBeanFactory     : Creating shared instance of singleton bean 'projectingArgumentResolverBeanPostProcessor'
2025-05-28T17:04:54.267-06:00 DEBUG 10460 --- [Recomendaciones] [           main] o.s.b.f.s.DefaultListableBeanFactory     : Creating shared instance of singleton bean 'preFilterAuthorizationAdvisor'
2025-05-28T17:04:54.268-06:00 DEBUG 10460 --- [Recomendaciones] [           main] o.s.b.f.s.DefaultListableBeanFactory     : Creating shared instance of singleton bean 'preFilterAuthorizationMethodInterceptor'
2025-05-28T17:04:54.345-06:00 DEBUG 10460 --- [Recomendaciones] [           main] o.s.b.f.s.DefaultListableBeanFactory     : Creating shared instance of singleton bean 'preAuthorizeAuthorizationAdvisor'
2025-05-28T17:04:54.346-06:00 DEBUG 10460 --- [Recomendaciones] [           main] o.s.b.f.s.DefaultListableBeanFactory     : Creating shared instance of singleton bean 'preAuthorizeAuthorizationMethodInterceptor'
2025-05-28T17:04:54.349-06:00 DEBUG 10460 --- [Recomendaciones] [           main] o.s.b.f.s.DefaultListableBeanFactory     : Creating shared instance of singleton bean 'postFilterAuthorizationAdvisor'
2025-05-28T17:04:54.349-06:00 DEBUG 10460 --- [Recomendaciones] [           main] o.s.b.f.s.DefaultListableBeanFactory     : Creating shared instance of singleton bean 'postFilterAuthorizationMethodInterceptor'
2025-05-28T17:04:54.351-06:00 DEBUG 10460 --- [Recomendaciones] [           main] o.s.b.f.s.DefaultListableBeanFactory     : Creating shared instance of singleton bean 'postAuthorizeAuthorizationAdvisor'
2025-05-28T17:04:54.352-06:00 DEBUG 10460 --- [Recomendaciones] [           main] o.s.b.f.s.DefaultListableBeanFactory     : Creating shared instance of singleton bean 'postAuthorizeAuthorizationMethodInterceptor'
2025-05-28T17:04:54.354-06:00 DEBUG 10460 --- [Recomendaciones] [           main] o.s.b.f.s.DefaultListableBeanFactory     : Creating shared instance of singleton bean 'authorizeReturnObjectAdvisor'
2025-05-28T17:04:54.354-06:00 DEBUG 10460 --- [Recomendaciones] [           main] o.s.b.f.s.DefaultListableBeanFactory     : Creating shared instance of singleton bean 'authorizeReturnObjectMethodInterceptor'
2025-05-28T17:04:54.355-06:00 DEBUG 10460 --- [Recomendaciones] [           main] o.s.b.f.s.DefaultListableBeanFactory     : Creating shared instance of singleton bean 'authorizationProxyFactory'
2025-05-28T17:04:54.377-06:00 DEBUG 10460 --- [Recomendaciones] [           main] o.s.b.f.s.DefaultListableBeanFactory     : Creating shared instance of singleton bean 'org.springframework.transaction.config.internalTransactionAdvisor'
2025-05-28T17:04:54.377-06:00 DEBUG 10460 --- [Recomendaciones] [           main] o.s.b.f.s.DefaultListableBeanFactory     : Creating shared instance of singleton bean 'org.springframework.transaction.annotation.ProxyTransactionManagementConfiguration'
2025-05-28T17:04:54.464-06:00 DEBUG 10460 --- [Recomendaciones] [           main] o.s.b.f.s.DefaultListableBeanFactory     : Creating shared instance of singleton bean 'transactionAttributeSource'
2025-05-28T17:04:54.476-06:00 DEBUG 10460 --- [Recomendaciones] [           main] o.s.b.f.s.DefaultListableBeanFactory     : Creating shared instance of singleton bean 'transactionInterceptor'
2025-05-28T17:04:54.477-06:00 DEBUG 10460 --- [Recomendaciones] [           main] o.s.b.f.s.DefaultListableBeanFactory     : Autowiring by type from bean name 'transactionInterceptor' via factory method to bean named 'transactionAttributeSource'
2025-05-28T17:04:54.495-06:00 DEBUG 10460 --- [Recomendaciones] [           main] o.s.b.f.s.DefaultListableBeanFactory     : Autowiring by type from bean name 'org.springframework.transaction.config.internalTransactionAdvisor' via factory method to bean named 'transactionAttributeSource'
2025-05-28T17:04:54.496-06:00 DEBUG 10460 --- [Recomendaciones] [           main] o.s.b.f.s.DefaultListableBeanFactory     : Autowiring by type from bean name 'org.springframework.transaction.config.internalTransactionAdvisor' via factory method to bean named 'transactionInterceptor'
2025-05-28T17:04:54.504-06:00 DEBUG 10460 --- [Recomendaciones] [           main] o.s.b.f.s.DefaultListableBeanFactory     : Autowiring by type from bean name 'authorizeReturnObjectMethodInterceptor' via factory method to bean named 'authorizationProxyFactory'
2025-05-28T17:04:54.615-06:00 DEBUG 10460 --- [Recomendaciones] [           main] o.s.u.c.s.UiApplicationContextUtils      : Unable to locate ThemeSource with name 'themeSource': using default [org.springframework.ui.context.support.ResourceBundleThemeSource@6a15b73]
2025-05-28T17:04:54.617-06:00 DEBUG 10460 --- [Recomendaciones] [           main] o.s.b.f.s.DefaultListableBeanFactory     : Creating shared instance of singleton bean 'org.springframework.test.context.support.internalDynamicPropertyRegistrarBeanInitializer'
2025-05-28T17:04:54.624-06:00 DEBUG 10460 --- [Recomendaciones] [           main] o.s.b.f.s.DefaultListableBeanFactory     : Creating shared instance of singleton bean 'dataSourceScriptDatabaseInitializer'
2025-05-28T17:04:54.624-06:00 DEBUG 10460 --- [Recomendaciones] [           main] o.s.b.f.s.DefaultListableBeanFactory     : Creating shared instance of singleton bean 'org.springframework.boot.autoconfigure.sql.init.DataSourceInitializationConfiguration'
2025-05-28T17:04:54.627-06:00 DEBUG 10460 --- [Recomendaciones] [           main] o.s.b.f.s.DefaultListableBeanFactory     : Creating shared instance of singleton bean 'dataSource'
2025-05-28T17:04:54.627-06:00 DEBUG 10460 --- [Recomendaciones] [           main] o.s.b.f.s.DefaultListableBeanFactory     : Creating shared instance of singleton bean 'org.springframework.boot.autoconfigure.jdbc.DataSourceConfiguration$Hikari'
2025-05-28T17:04:54.630-06:00 DEBUG 10460 --- [Recomendaciones] [           main] o.s.b.f.s.DefaultListableBeanFactory     : Creating shared instance of singleton bean 'spring.datasource-org.springframework.boot.autoconfigure.jdbc.DataSourceProperties'
2025-05-28T17:04:54.632-06:00 DEBUG 10460 --- [Recomendaciones] [           main] o.s.b.f.s.DefaultListableBeanFactory     : Creating shared instance of singleton bean 'org.springframework.boot.context.properties.BoundConfigurationProperties'
2025-05-28T17:04:54.705-06:00 DEBUG 10460 --- [Recomendaciones] [           main] o.s.b.f.s.DefaultListableBeanFactory     : Creating shared instance of singleton bean 'jdbcConnectionDetails'
2025-05-28T17:04:54.706-06:00 DEBUG 10460 --- [Recomendaciones] [           main] o.s.b.f.s.DefaultListableBeanFactory     : Creating shared instance of singleton bean 'org.springframework.boot.autoconfigure.jdbc.DataSourceAutoConfiguration$PooledDataSourceConfiguration'
2025-05-28T17:04:54.714-06:00 DEBUG 10460 --- [Recomendaciones] [           main] o.s.b.f.s.DefaultListableBeanFactory     : Autowiring by type from bean name 'jdbcConnectionDetails' via factory method to bean named 'spring.datasource-org.springframework.boot.autoconfigure.jdbc.DataSourceProperties'
2025-05-28T17:04:54.721-06:00 DEBUG 10460 --- [Recomendaciones] [           main] o.s.b.f.s.DefaultListableBeanFactory     : Autowiring by type from bean name 'dataSource' via factory method to bean named 'spring.datasource-org.springframework.boot.autoconfigure.jdbc.DataSourceProperties'
2025-05-28T17:04:54.721-06:00 DEBUG 10460 --- [Recomendaciones] [           main] o.s.b.f.s.DefaultListableBeanFactory     : Autowiring by type from bean name 'dataSource' via factory method to bean named 'jdbcConnectionDetails'
2025-05-28T17:04:54.815-06:00 DEBUG 10460 --- [Recomendaciones] [           main] o.s.b.f.s.DefaultListableBeanFactory     : Creating shared instance of singleton bean 'spring.sql.init-org.springframework.boot.autoconfigure.sql.init.SqlInitializationProperties'
2025-05-28T17:04:54.822-06:00 DEBUG 10460 --- [Recomendaciones] [           main] o.s.b.f.s.DefaultListableBeanFactory     : Autowiring by type from bean name 'dataSourceScriptDatabaseInitializer' via factory method to bean named 'dataSource'
2025-05-28T17:04:54.822-06:00 DEBUG 10460 --- [Recomendaciones] [           main] o.s.b.f.s.DefaultListableBeanFactory     : Autowiring by type from bean name 'dataSourceScriptDatabaseInitializer' via factory method to bean named 'spring.sql.init-org.springframework.boot.autoconfigure.sql.init.SqlInitializationProperties'
2025-05-28T17:04:54.839-06:00 DEBUG 10460 --- [Recomendaciones] [           main] o.s.b.f.s.DefaultListableBeanFactory     : Creating shared instance of singleton bean 'entityManagerFactory'
2025-05-28T17:04:54.840-06:00 DEBUG 10460 --- [Recomendaciones] [           main] o.s.b.f.s.DefaultListableBeanFactory     : Creating shared instance of singleton bean 'org.springframework.boot.autoconfigure.orm.jpa.HibernateJpaConfiguration'
2025-05-28T17:04:54.848-06:00 DEBUG 10460 --- [Recomendaciones] [           main] o.s.b.f.s.DefaultListableBeanFactory     : Creating shared instance of singleton bean 'spring.jpa-org.springframework.boot.autoconfigure.orm.jpa.JpaProperties'
2025-05-28T17:04:54.860-06:00 DEBUG 10460 --- [Recomendaciones] [           main] o.s.b.f.s.DefaultListableBeanFactory     : Creating shared instance of singleton bean 'spring.jpa.hibernate-org.springframework.boot.autoconfigure.orm.jpa.HibernateProperties'
2025-05-28T17:04:54.865-06:00 DEBUG 10460 --- [Recomendaciones] [           main] o.s.b.f.s.DefaultListableBeanFactory     : Autowiring by type from bean name 'org.springframework.boot.autoconfigure.orm.jpa.HibernateJpaConfiguration' via constructor to bean named 'dataSource'
2025-05-28T17:04:54.866-06:00 DEBUG 10460 --- [Recomendaciones] [           main] o.s.b.f.s.DefaultListableBeanFactory     : Autowiring by type from bean name 'org.springframework.boot.autoconfigure.orm.jpa.HibernateJpaConfiguration' via constructor to bean named 'spring.jpa-org.springframework.boot.autoconfigure.orm.jpa.JpaProperties'
2025-05-28T17:04:54.866-06:00 DEBUG 10460 --- [Recomendaciones] [           main] o.s.b.f.s.DefaultListableBeanFactory     : Autowiring by type from bean name 'org.springframework.boot.autoconfigure.orm.jpa.HibernateJpaConfiguration' via constructor to bean named 'org.springframework.beans.factory.support.DefaultListableBeanFactory@56781d96'
2025-05-28T17:04:54.866-06:00 DEBUG 10460 --- [Recomendaciones] [           main] o.s.b.f.s.DefaultListableBeanFactory     : Autowiring by type from bean name 'org.springframework.boot.autoconfigure.orm.jpa.HibernateJpaConfiguration' via constructor to bean named 'spring.jpa.hibernate-org.springframework.boot.autoconfigure.orm.jpa.HibernateProperties'
2025-05-28T17:04:54.876-06:00 DEBUG 10460 --- [Recomendaciones] [           main] o.s.b.f.s.DefaultListableBeanFactory     : Creating shared instance of singleton bean 'hikariPoolDataSourceMetadataProvider'
2025-05-28T17:04:54.877-06:00 DEBUG 10460 --- [Recomendaciones] [           main] o.s.b.f.s.DefaultListableBeanFactory     : Creating shared instance of singleton bean 'org.springframework.boot.autoconfigure.jdbc.metadata.DataSourcePoolMetadataProvidersConfiguration$HikariPoolDataSourceMetadataProviderConfiguration'
2025-05-28T17:04:54.894-06:00 DEBUG 10460 --- [Recomendaciones] [           main] o.s.b.f.s.DefaultListableBeanFactory     : Creating shared instance of singleton bean 'entityManagerFactoryBuilder'
2025-05-28T17:04:54.895-06:00 DEBUG 10460 --- [Recomendaciones] [           main] o.s.b.f.s.DefaultListableBeanFactory     : Creating shared instance of singleton bean 'jpaVendorAdapter'
2025-05-28T17:04:54.985-06:00 DEBUG 10460 --- [Recomendaciones] [           main] o.s.b.f.s.DefaultListableBeanFactory     : Autowiring by type from bean name 'entityManagerFactoryBuilder' via factory method to bean named 'jpaVendorAdapter'
2025-05-28T17:04:55.039-06:00 DEBUG 10460 --- [Recomendaciones] [           main] o.s.b.f.s.DefaultListableBeanFactory     : Creating shared instance of singleton bean 'persistenceManagedTypes'
2025-05-28T17:04:55.048-06:00 DEBUG 10460 --- [Recomendaciones] [           main] o.s.b.f.s.DefaultListableBeanFactory     : Autowiring by type from bean name 'persistenceManagedTypes' via factory method to bean named 'org.springframework.beans.factory.support.DefaultListableBeanFactory@56781d96'
2025-05-28T17:04:55.049-06:00 DEBUG 10460 --- [Recomendaciones] [           main] o.s.b.f.s.DefaultListableBeanFactory     : Autowiring by type from bean name 'persistenceManagedTypes' via factory method to bean named 'org.springframework.web.context.support.GenericWebApplicationContext@2fb68ec6'
2025-05-28T17:04:55.051-06:00 DEBUG 10460 --- [Recomendaciones] [           main] o.s.b.f.s.DefaultListableBeanFactory     : Creating shared instance of singleton bean 'org.springframework.boot.autoconfigure.domain.EntityScanPackages'
2025-05-28T17:04:55.067-06:00 DEBUG 10460 --- [Recomendaciones] [           main] o.s.b.f.s.DefaultListableBeanFactory     : Autowiring by type from bean name 'entityManagerFactory' via factory method to bean named 'entityManagerFactoryBuilder'
2025-05-28T17:04:55.067-06:00 DEBUG 10460 --- [Recomendaciones] [           main] o.s.b.f.s.DefaultListableBeanFactory     : Autowiring by type from bean name 'entityManagerFactory' via factory method to bean named 'persistenceManagedTypes'
2025-05-28T17:04:55.105-06:00 DEBUG 10460 --- [Recomendaciones] [           main] j.LocalContainerEntityManagerFactoryBean : Building JPA container EntityManagerFactory for persistence unit 'default'
2025-05-28T17:04:55.191-06:00  INFO 10460 --- [Recomendaciones] [           main] o.hibernate.jpa.internal.util.LogHelper  : HHH000204: Processing PersistenceUnitInfo [name: default]
2025-05-28T17:04:55.437-06:00  INFO 10460 --- [Recomendaciones] [           main] org.hibernate.Version                    : HHH000412: Hibernate ORM core version 6.6.5.Final
2025-05-28T17:04:55.566-06:00  INFO 10460 --- [Recomendaciones] [           main] o.h.c.internal.RegionFactoryInitiator    : HHH000026: Second-level cache disabled
2025-05-28T17:04:56.520-06:00  INFO 10460 --- [Recomendaciones] [           main] o.s.o.j.p.SpringPersistenceUnitInfo      : No LoadTimeWeaver setup: ignoring JPA class transformer
2025-05-28T17:04:56.620-06:00  INFO 10460 --- [Recomendaciones] [           main] com.zaxxer.hikari.HikariDataSource       : HikariPool-1 - Starting...
2025-05-28T17:04:57.156-06:00  INFO 10460 --- [Recomendaciones] [           main] com.zaxxer.hikari.pool.HikariPool        : HikariPool-1 - Added connection com.mysql.cj.jdbc.ConnectionImpl@271e851e
2025-05-28T17:04:57.165-06:00  INFO 10460 --- [Recomendaciones] [           main] com.zaxxer.hikari.HikariDataSource       : HikariPool-1 - Start completed.
2025-05-28T17:04:57.353-06:00  WARN 10460 --- [Recomendaciones] [           main] org.hibernate.dialect.Dialect            : HHH000511: The 5.5.5 version for [org.hibernate.dialect.MySQLDialect] is no longer supported, hence certain features may not work properly. The minimum supported version is 8.0.0. Check the community dialects project for available legacy versions.
2025-05-28T17:04:57.374-06:00  WARN 10460 --- [Recomendaciones] [           main] org.hibernate.orm.deprecation            : HHH90000025: MySQLDialect does not need to be specified explicitly using 'hibernate.dialect' (remove the property setting and it will be selected by default)
2025-05-28T17:04:57.461-06:00  INFO 10460 --- [Recomendaciones] [           main] org.hibernate.orm.connections.pooling    : HHH10001005: Database info:
	Database JDBC URL [Connecting through datasource 'HikariDataSource (HikariPool-1)']
	Database driver: undefined/unknown
	Database version: 5.5.5
	Autocommit mode: undefined/unknown
	Isolation level: undefined/unknown
	Minimum pool size: undefined/unknown
	Maximum pool size: undefined/unknown
2025-05-28T17:04:59.428-06:00  INFO 10460 --- [Recomendaciones] [           main] o.h.e.t.j.p.i.JtaPlatformInitiator       : HHH000489: No JTA platform available (set 'hibernate.transaction.jta.platform' to enable JTA platform integration)
2025-05-28T17:04:59.581-06:00 DEBUG 10460 --- [Recomendaciones] [           main] org.hibernate.SQL                        : 
    alter table roles 
       modify column nombre varchar(255) not null
Hibernate: 
    alter table roles 
       modify column nombre varchar(255) not null
2025-05-28T17:04:59.714-06:00 DEBUG 10460 --- [Recomendaciones] [           main] org.hibernate.SQL                        : 
    alter table usuarios 
       modify column email varchar(255) not null
Hibernate: 
    alter table usuarios 
       modify column email varchar(255) not null
2025-05-28T17:04:59.815-06:00 DEBUG 10460 --- [Recomendaciones] [           main] org.hibernate.SQL                        : 
    alter table usuarios 
       modify column nombre varchar(255) not null
Hibernate: 
    alter table usuarios 
       modify column nombre varchar(255) not null
2025-05-28T17:04:59.913-06:00 DEBUG 10460 --- [Recomendaciones] [           main] org.hibernate.SQL                        : 
    alter table usuarios 
       modify column password varchar(255) not null
Hibernate: 
    alter table usuarios 
       modify column password varchar(255) not null
2025-05-28T17:04:59.996-06:00  INFO 10460 --- [Recomendaciones] [           main] j.LocalContainerEntityManagerFactoryBean : Initialized JPA EntityManagerFactory for persistence unit 'default'
2025-05-28T17:05:00.016-06:00 DEBUG 10460 --- [Recomendaciones] [           main] o.s.b.f.s.DefaultListableBeanFactory     : Creating shared instance of singleton bean 'recomendacionesApplication'
2025-05-28T17:05:00.022-06:00 DEBUG 10460 --- [Recomendaciones] [           main] o.s.b.f.s.DefaultListableBeanFactory     : Creating shared instance of singleton bean 'securityConfig'
2025-05-28T17:05:00.032-06:00 DEBUG 10460 --- [Recomendaciones] [           main] o.s.b.f.s.DefaultListableBeanFactory     : Creating shared instance of singleton bean 'adminController'
2025-05-28T17:05:00.037-06:00 DEBUG 10460 --- [Recomendaciones] [           main] o.s.b.f.s.DefaultListableBeanFactory     : Creating shared instance of singleton bean 'adminUserController'
2025-05-28T17:05:00.048-06:00 DEBUG 10460 --- [Recomendaciones] [           main] o.s.b.f.s.DefaultListableBeanFactory     : Creating shared instance of singleton bean 'usuarioRepository'
2025-05-28T17:05:00.075-06:00 DEBUG 10460 --- [Recomendaciones] [           main] o.s.b.f.s.DefaultListableBeanFactory     : Creating shared instance of singleton bean 'jpa.named-queries#1'
2025-05-28T17:05:00.080-06:00 DEBUG 10460 --- [Recomendaciones] [           main] o.s.b.f.s.DefaultListableBeanFactory     : Creating shared instance of singleton bean 'jpa.UsuarioRepository.fragments#0'
2025-05-28T17:05:00.095-06:00 DEBUG 10460 --- [Recomendaciones] [           main] o.s.b.f.s.DefaultListableBeanFactory     : Creating shared instance of singleton bean 'jpaSharedEM_entityManagerFactory'
2025-05-28T17:05:00.175-06:00 DEBUG 10460 --- [Recomendaciones] [           main] o.s.b.f.s.DefaultListableBeanFactory     : Creating shared instance of singleton bean 'jpaMappingContext'
2025-05-28T17:05:00.176-06:00 DEBUG 10460 --- [Recomendaciones] [           main] .c.JpaMetamodelMappingContextFactoryBean : Initializing JpaMetamodelMappingContext…
2025-05-28T17:05:00.235-06:00 DEBUG 10460 --- [Recomendaciones] [           main] .c.JpaMetamodelMappingContextFactoryBean : Finished initializing JpaMetamodelMappingContext
2025-05-28T17:05:00.321-06:00 DEBUG 10460 --- [Recomendaciones] [           main] tor$SharedEntityManagerInvocationHandler : Creating new EntityManager for shared EntityManager invocation
2025-05-28T17:05:00.467-06:00 DEBUG 10460 --- [Recomendaciones] [           main] tor$SharedEntityManagerInvocationHandler : Creating new EntityManager for shared EntityManager invocation
2025-05-28T17:05:00.644-06:00 DEBUG 10460 --- [Recomendaciones] [           main] o.s.d.r.c.s.RepositoryFactorySupport     : Initializing repository instance for mx.ipn.escom.Recomendaciones.auth.repository.UsuarioRepository…
2025-05-28T17:05:00.678-06:00 DEBUG 10460 --- [Recomendaciones] [           main] tor$SharedEntityManagerInvocationHandler : Creating new EntityManager for shared EntityManager invocation
2025-05-28T17:05:00.840-06:00 DEBUG 10460 --- [Recomendaciones] [           main] o.s.d.jpa.repository.query.NamedQuery    : Looking up named query 'Usuario.findByNombre'
2025-05-28T17:05:00.846-06:00 DEBUG 10460 --- [Recomendaciones] [           main] o.s.d.jpa.repository.query.NamedQuery    : Did not find named query Usuario.findByNombre
2025-05-28T17:05:00.855-06:00 DEBUG 10460 --- [Recomendaciones] [           main] tor$SharedEntityManagerInvocationHandler : Creating new EntityManager for shared EntityManager invocation
2025-05-28T17:05:01.003-06:00 DEBUG 10460 --- [Recomendaciones] [           main] o.s.d.jpa.repository.query.NamedQuery    : Looking up named query 'Usuario.findByEmail'
2025-05-28T17:05:01.003-06:00 DEBUG 10460 --- [Recomendaciones] [           main] o.s.d.jpa.repository.query.NamedQuery    : Did not find named query Usuario.findByEmail
2025-05-28T17:05:01.003-06:00 DEBUG 10460 --- [Recomendaciones] [           main] tor$SharedEntityManagerInvocationHandler : Creating new EntityManager for shared EntityManager invocation
2025-05-28T17:05:01.012-06:00 DEBUG 10460 --- [Recomendaciones] [           main] o.s.d.r.c.s.RepositoryFactorySupport     : Finished creation of repository instance for mx.ipn.escom.Recomendaciones.auth.repository.UsuarioRepository.
2025-05-28T17:05:01.031-06:00 DEBUG 10460 --- [Recomendaciones] [           main] o.s.b.f.s.DefaultListableBeanFactory     : Creating shared instance of singleton bean 'rolRepository'
2025-05-28T17:05:01.033-06:00 DEBUG 10460 --- [Recomendaciones] [           main] o.s.b.f.s.DefaultListableBeanFactory     : Creating shared instance of singleton bean 'jpa.named-queries#0'
2025-05-28T17:05:01.035-06:00 DEBUG 10460 --- [Recomendaciones] [           main] o.s.b.f.s.DefaultListableBeanFactory     : Creating shared instance of singleton bean 'jpa.RolRepository.fragments#0'
2025-05-28T17:05:01.037-06:00 DEBUG 10460 --- [Recomendaciones] [           main] tor$SharedEntityManagerInvocationHandler : Creating new EntityManager for shared EntityManager invocation
2025-05-28T17:05:01.038-06:00 DEBUG 10460 --- [Recomendaciones] [           main] o.s.d.r.c.s.RepositoryFactorySupport     : Initializing repository instance for mx.ipn.escom.Recomendaciones.auth.repository.RolRepository…
2025-05-28T17:05:01.039-06:00 DEBUG 10460 --- [Recomendaciones] [           main] tor$SharedEntityManagerInvocationHandler : Creating new EntityManager for shared EntityManager invocation
2025-05-28T17:05:01.045-06:00 DEBUG 10460 --- [Recomendaciones] [           main] o.s.d.jpa.repository.query.NamedQuery    : Looking up named query 'Rol.findByNombre'
2025-05-28T17:05:01.045-06:00 DEBUG 10460 --- [Recomendaciones] [           main] o.s.d.jpa.repository.query.NamedQuery    : Did not find named query Rol.findByNombre
2025-05-28T17:05:01.046-06:00 DEBUG 10460 --- [Recomendaciones] [           main] tor$SharedEntityManagerInvocationHandler : Creating new EntityManager for shared EntityManager invocation
2025-05-28T17:05:01.050-06:00 DEBUG 10460 --- [Recomendaciones] [           main] o.s.d.r.c.s.RepositoryFactorySupport     : Finished creation of repository instance for mx.ipn.escom.Recomendaciones.auth.repository.RolRepository.
2025-05-28T17:05:01.054-06:00 DEBUG 10460 --- [Recomendaciones] [           main] o.s.b.f.s.DefaultListableBeanFactory     : Creating shared instance of singleton bean 'passwordEncoder'
2025-05-28T17:05:01.140-06:00 DEBUG 10460 --- [Recomendaciones] [           main] o.s.b.f.s.DefaultListableBeanFactory     : Creating shared instance of singleton bean 'apiAuthController'
2025-05-28T17:05:01.144-06:00 DEBUG 10460 --- [Recomendaciones] [           main] o.s.b.f.s.DefaultListableBeanFactory     : Creating shared instance of singleton bean 'authenticationManager'
2025-05-28T17:05:01.145-06:00 DEBUG 10460 --- [Recomendaciones] [           main] o.s.b.f.s.DefaultListableBeanFactory     : Creating shared instance of singleton bean 'org.springframework.security.config.annotation.authentication.configuration.AuthenticationConfiguration'
2025-05-28T17:05:01.148-06:00 DEBUG 10460 --- [Recomendaciones] [           main] o.s.b.f.s.DefaultListableBeanFactory     : Creating shared instance of singleton bean 'enableGlobalAuthenticationAutowiredConfigurer'
2025-05-28T17:05:01.148-06:00 DEBUG 10460 --- [Recomendaciones] [           main] o.s.b.f.s.DefaultListableBeanFactory     : Autowiring by type from bean name 'enableGlobalAuthenticationAutowiredConfigurer' via factory method to bean named 'org.springframework.web.context.support.GenericWebApplicationContext@2fb68ec6'
2025-05-28T17:05:01.150-06:00 DEBUG 10460 --- [Recomendaciones] [           main] o.s.b.f.s.DefaultListableBeanFactory     : Creating shared instance of singleton bean 'initializeUserDetailsBeanManagerConfigurer'
2025-05-28T17:05:01.151-06:00 DEBUG 10460 --- [Recomendaciones] [           main] o.s.b.f.s.DefaultListableBeanFactory     : Autowiring by type from bean name 'initializeUserDetailsBeanManagerConfigurer' via factory method to bean named 'org.springframework.web.context.support.GenericWebApplicationContext@2fb68ec6'
2025-05-28T17:05:01.152-06:00 DEBUG 10460 --- [Recomendaciones] [           main] o.s.b.f.s.DefaultListableBeanFactory     : Creating shared instance of singleton bean 'initializeAuthenticationProviderBeanManagerConfigurer'
2025-05-28T17:05:01.153-06:00 DEBUG 10460 --- [Recomendaciones] [           main] o.s.b.f.s.DefaultListableBeanFactory     : Autowiring by type from bean name 'initializeAuthenticationProviderBeanManagerConfigurer' via factory method to bean named 'org.springframework.web.context.support.GenericWebApplicationContext@2fb68ec6'
2025-05-28T17:05:01.161-06:00 DEBUG 10460 --- [Recomendaciones] [           main] o.s.b.f.s.DefaultListableBeanFactory     : Creating shared instance of singleton bean 'objectPostProcessor'
2025-05-28T17:05:01.161-06:00 DEBUG 10460 --- [Recomendaciones] [           main] o.s.b.f.s.DefaultListableBeanFactory     : Creating shared instance of singleton bean 'org.springframework.security.config.annotation.configuration.ObjectPostProcessorConfiguration'
2025-05-28T17:05:01.163-06:00 DEBUG 10460 --- [Recomendaciones] [           main] o.s.b.f.s.DefaultListableBeanFactory     : Autowiring by type from bean name 'objectPostProcessor' via factory method to bean named 'org.springframework.beans.factory.support.DefaultListableBeanFactory@56781d96'
2025-05-28T17:05:01.169-06:00 DEBUG 10460 --- [Recomendaciones] [           main] o.s.b.f.s.DefaultListableBeanFactory     : Autowiring by type from bean name 'authenticationManager' via factory method to bean named 'org.springframework.security.config.annotation.authentication.configuration.AuthenticationConfiguration'
2025-05-28T17:05:01.170-06:00 DEBUG 10460 --- [Recomendaciones] [           main] o.s.b.f.s.DefaultListableBeanFactory     : Creating shared instance of singleton bean 'authenticationManagerBuilder'
2025-05-28T17:05:01.171-06:00 DEBUG 10460 --- [Recomendaciones] [           main] o.s.b.f.s.DefaultListableBeanFactory     : Autowiring by type from bean name 'authenticationManagerBuilder' via factory method to bean named 'objectPostProcessor'
2025-05-28T17:05:01.171-06:00 DEBUG 10460 --- [Recomendaciones] [           main] o.s.b.f.s.DefaultListableBeanFactory     : Autowiring by type from bean name 'authenticationManagerBuilder' via factory method to bean named 'org.springframework.web.context.support.GenericWebApplicationContext@2fb68ec6'
2025-05-28T17:05:01.173-06:00 DEBUG 10460 --- [Recomendaciones] [           main] o.s.b.f.s.DefaultListableBeanFactory     : Creating shared instance of singleton bean 'authenticationEventPublisher'
2025-05-28T17:05:01.174-06:00 DEBUG 10460 --- [Recomendaciones] [           main] o.s.b.f.s.DefaultListableBeanFactory     : Creating shared instance of singleton bean 'org.springframework.boot.autoconfigure.security.servlet.SecurityAutoConfiguration'
2025-05-28T17:05:01.175-06:00 DEBUG 10460 --- [Recomendaciones] [           main] o.s.b.f.s.DefaultListableBeanFactory     : Autowiring by type from bean name 'authenticationEventPublisher' via factory method to bean named 'org.springframework.web.context.support.GenericWebApplicationContext@2fb68ec6'
2025-05-28T17:05:01.219-06:00 DEBUG 10460 --- [Recomendaciones] [           main] o.s.b.f.s.DefaultListableBeanFactory     : Creating shared instance of singleton bean 'customUserDetailsService'
2025-05-28T17:05:01.248-06:00  INFO 10460 --- [Recomendaciones] [           main] r$InitializeUserDetailsManagerConfigurer : Global AuthenticationManager configured with UserDetailsService bean with name customUserDetailsService
2025-05-28T17:05:01.251-06:00 DEBUG 10460 --- [Recomendaciones] [           main] o.s.b.f.s.DefaultListableBeanFactory     : Creating shared instance of singleton bean 'apiRegisterController'
2025-05-28T17:05:01.252-06:00 DEBUG 10460 --- [Recomendaciones] [           main] o.s.b.f.s.DefaultListableBeanFactory     : Creating shared instance of singleton bean 'usuarioService'
2025-05-28T17:05:01.255-06:00 DEBUG 10460 --- [Recomendaciones] [           main] o.s.b.f.s.DefaultListableBeanFactory     : Creating shared instance of singleton bean 'librosController'
2025-05-28T17:05:01.260-06:00 DEBUG 10460 --- [Recomendaciones] [           main] o.s.b.f.s.DefaultListableBeanFactory     : Creating shared instance of singleton bean 'loginController'
2025-05-28T17:05:01.264-06:00 DEBUG 10460 --- [Recomendaciones] [           main] o.s.b.f.s.DefaultListableBeanFactory     : Creating shared instance of singleton bean 'peliculasController'
2025-05-28T17:05:01.265-06:00 DEBUG 10460 --- [Recomendaciones] [           main] o.s.b.f.s.DefaultListableBeanFactory     : Creating shared instance of singleton bean 'perfilController'
2025-05-28T17:05:01.269-06:00 DEBUG 10460 --- [Recomendaciones] [           main] o.s.b.f.s.DefaultListableBeanFactory     : Creating shared instance of singleton bean 'registroController'
2025-05-28T17:05:01.272-06:00 DEBUG 10460 --- [Recomendaciones] [           main] o.s.b.f.s.DefaultListableBeanFactory     : Creating shared instance of singleton bean 'usuarioController'
2025-05-28T17:05:01.275-06:00 DEBUG 10460 --- [Recomendaciones] [           main] o.s.b.f.s.DefaultListableBeanFactory     : Creating shared instance of singleton bean 'databaseConnectionTest'
2025-05-28T17:05:01.276-06:00 DEBUG 10460 --- [Recomendaciones] [           main] o.s.b.f.s.DefaultListableBeanFactory     : Creating shared instance of singleton bean 'jdbcTemplate'
2025-05-28T17:05:01.276-06:00 DEBUG 10460 --- [Recomendaciones] [           main] o.s.b.f.s.DefaultListableBeanFactory     : Creating shared instance of singleton bean 'org.springframework.boot.autoconfigure.jdbc.JdbcTemplateConfiguration'
2025-05-28T17:05:01.278-06:00 DEBUG 10460 --- [Recomendaciones] [           main] o.s.b.f.s.DefaultListableBeanFactory     : Creating shared instance of singleton bean 'spring.jdbc-org.springframework.boot.autoconfigure.jdbc.JdbcProperties'
2025-05-28T17:05:01.281-06:00 DEBUG 10460 --- [Recomendaciones] [           main] o.s.b.f.s.DefaultListableBeanFactory     : Autowiring by type from bean name 'jdbcTemplate' via factory method to bean named 'dataSource'
2025-05-28T17:05:01.281-06:00 DEBUG 10460 --- [Recomendaciones] [           main] o.s.b.f.s.DefaultListableBeanFactory     : Autowiring by type from bean name 'jdbcTemplate' via factory method to bean named 'spring.jdbc-org.springframework.boot.autoconfigure.jdbc.JdbcProperties'
2025-05-28T17:05:01.309-06:00 DEBUG 10460 --- [Recomendaciones] [           main] o.s.b.f.s.DefaultListableBeanFactory     : Creating shared instance of singleton bean 'databaseConnectionRunner'
2025-05-28T17:05:01.311-06:00 DEBUG 10460 --- [Recomendaciones] [           main] o.s.b.f.s.DefaultListableBeanFactory     : Creating shared instance of singleton bean 'org.springframework.security.config.annotation.web.configuration.WebSecurityConfiguration'
2025-05-28T17:05:01.316-06:00 DEBUG 10460 --- [Recomendaciones] [           main] o.s.b.f.s.DefaultListableBeanFactory     : Creating shared instance of singleton bean 'org.springframework.security.config.annotation.web.configuration.HttpSecurityConfiguration'
2025-05-28T17:05:01.334-06:00 DEBUG 10460 --- [Recomendaciones] [           main] o.s.b.f.s.DefaultListableBeanFactory     : Creating shared instance of singleton bean 'mvcContentNegotiationManager'
2025-05-28T17:05:01.334-06:00 DEBUG 10460 --- [Recomendaciones] [           main] o.s.b.f.s.DefaultListableBeanFactory     : Creating shared instance of singleton bean 'org.springframework.boot.autoconfigure.web.servlet.WebMvcAutoConfiguration$EnableWebMvcConfiguration'
2025-05-28T17:05:01.335-06:00 DEBUG 10460 --- [Recomendaciones] [           main] o.s.b.f.s.DefaultListableBeanFactory     : Creating shared instance of singleton bean 'spring.mvc-org.springframework.boot.autoconfigure.web.servlet.WebMvcProperties'
2025-05-28T17:05:01.349-06:00 DEBUG 10460 --- [Recomendaciones] [           main] o.s.b.f.s.DefaultListableBeanFactory     : Creating shared instance of singleton bean 'spring.web-org.springframework.boot.autoconfigure.web.WebProperties'
2025-05-28T17:05:01.366-06:00 DEBUG 10460 --- [Recomendaciones] [           main] o.s.b.f.s.DefaultListableBeanFactory     : Autowiring by type from bean name 'org.springframework.boot.autoconfigure.web.servlet.WebMvcAutoConfiguration$EnableWebMvcConfiguration' via constructor to bean named 'spring.mvc-org.springframework.boot.autoconfigure.web.servlet.WebMvcProperties'
2025-05-28T17:05:01.366-06:00 DEBUG 10460 --- [Recomendaciones] [           main] o.s.b.f.s.DefaultListableBeanFactory     : Autowiring by type from bean name 'org.springframework.boot.autoconfigure.web.servlet.WebMvcAutoConfiguration$EnableWebMvcConfiguration' via constructor to bean named 'spring.web-org.springframework.boot.autoconfigure.web.WebProperties'
2025-05-28T17:05:01.366-06:00 DEBUG 10460 --- [Recomendaciones] [           main] o.s.b.f.s.DefaultListableBeanFactory     : Autowiring by type from bean name 'org.springframework.boot.autoconfigure.web.servlet.WebMvcAutoConfiguration$EnableWebMvcConfiguration' via constructor to bean named 'org.springframework.beans.factory.support.DefaultListableBeanFactory@56781d96'
2025-05-28T17:05:01.376-06:00 DEBUG 10460 --- [Recomendaciones] [           main] o.s.b.f.s.DefaultListableBeanFactory     : Creating shared instance of singleton bean 'org.springframework.security.config.annotation.web.configuration.WebMvcSecurityConfiguration'
2025-05-28T17:05:01.379-06:00 DEBUG 10460 --- [Recomendaciones] [           main] o.s.b.f.s.DefaultListableBeanFactory     : Creating shared instance of singleton bean 'org.springframework.boot.autoconfigure.web.servlet.WebMvcAutoConfiguration$WebMvcAutoConfigurationAdapter'
2025-05-28T17:05:01.381-06:00 DEBUG 10460 --- [Recomendaciones] [           main] o.s.b.f.s.DefaultListableBeanFactory     : Autowiring by type from bean name 'org.springframework.boot.autoconfigure.web.servlet.WebMvcAutoConfiguration$WebMvcAutoConfigurationAdapter' via constructor to bean named 'spring.web-org.springframework.boot.autoconfigure.web.WebProperties'
2025-05-28T17:05:01.381-06:00 DEBUG 10460 --- [Recomendaciones] [           main] o.s.b.f.s.DefaultListableBeanFactory     : Autowiring by type from bean name 'org.springframework.boot.autoconfigure.web.servlet.WebMvcAutoConfiguration$WebMvcAutoConfigurationAdapter' via constructor to bean named 'spring.mvc-org.springframework.boot.autoconfigure.web.servlet.WebMvcProperties'
2025-05-28T17:05:01.381-06:00 DEBUG 10460 --- [Recomendaciones] [           main] o.s.b.f.s.DefaultListableBeanFactory     : Autowiring by type from bean name 'org.springframework.boot.autoconfigure.web.servlet.WebMvcAutoConfiguration$WebMvcAutoConfigurationAdapter' via constructor to bean named 'org.springframework.beans.factory.support.DefaultListableBeanFactory@56781d96'
2025-05-28T17:05:01.394-06:00 DEBUG 10460 --- [Recomendaciones] [           main] o.s.b.f.s.DefaultListableBeanFactory     : Creating shared instance of singleton bean 'openEntityManagerInViewInterceptorConfigurer'
2025-05-28T17:05:01.395-06:00 DEBUG 10460 --- [Recomendaciones] [           main] o.s.b.f.s.DefaultListableBeanFactory     : Creating shared instance of singleton bean 'org.springframework.boot.autoconfigure.orm.jpa.JpaBaseConfiguration$JpaWebConfiguration'
2025-05-28T17:05:01.397-06:00 DEBUG 10460 --- [Recomendaciones] [           main] o.s.b.f.s.DefaultListableBeanFactory     : Autowiring by type from bean name 'org.springframework.boot.autoconfigure.orm.jpa.JpaBaseConfiguration$JpaWebConfiguration' via constructor to bean named 'spring.jpa-org.springframework.boot.autoconfigure.orm.jpa.JpaProperties'
2025-05-28T17:05:01.400-06:00 DEBUG 10460 --- [Recomendaciones] [           main] o.s.b.f.s.DefaultListableBeanFactory     : Creating shared instance of singleton bean 'openEntityManagerInViewInterceptor'
2025-05-28T17:05:01.401-06:00  WARN 10460 --- [Recomendaciones] [           main] JpaBaseConfiguration$JpaWebConfiguration : spring.jpa.open-in-view is enabled by default. Therefore, database queries may be performed during view rendering. Explicitly configure spring.jpa.open-in-view to disable this warning
2025-05-28T17:05:01.409-06:00 DEBUG 10460 --- [Recomendaciones] [           main] o.s.b.f.s.DefaultListableBeanFactory     : Autowiring by type from bean name 'openEntityManagerInViewInterceptorConfigurer' via factory method to bean named 'openEntityManagerInViewInterceptor'
2025-05-28T17:05:01.412-06:00 DEBUG 10460 --- [Recomendaciones] [           main] o.s.b.f.s.DefaultListableBeanFactory     : Creating shared instance of singleton bean 'org.springframework.data.web.config.SpringDataWebConfiguration'
2025-05-28T17:05:01.414-06:00 DEBUG 10460 --- [Recomendaciones] [           main] o.s.b.f.s.DefaultListableBeanFactory     : Autowiring by type from bean name 'org.springframework.data.web.config.SpringDataWebConfiguration' via constructor to bean named 'org.springframework.web.context.support.GenericWebApplicationContext@2fb68ec6'
2025-05-28T17:05:01.668-06:00 DEBUG 10460 --- [Recomendaciones] [           main] o.s.b.f.s.DefaultListableBeanFactory     : Creating shared instance of singleton bean 'filterChainDecoratorPostProcessor'
2025-05-28T17:05:01.673-06:00 DEBUG 10460 --- [Recomendaciones] [           main] o.s.b.f.s.DefaultListableBeanFactory     : Creating shared instance of singleton bean 'mvcHandlerMappingIntrospectorRequestTransformer'
2025-05-28T17:05:01.674-06:00 DEBUG 10460 --- [Recomendaciones] [           main] o.s.b.f.s.DefaultListableBeanFactory     : Creating shared instance of singleton bean 'mvcHandlerMappingIntrospector'
2025-05-28T17:05:01.686-06:00 DEBUG 10460 --- [Recomendaciones] [           main] o.s.b.f.s.DefaultListableBeanFactory     : Creating shared instance of singleton bean 'welcomePageHandlerMapping'
2025-05-28T17:05:01.686-06:00 DEBUG 10460 --- [Recomendaciones] [           main] o.s.b.f.s.DefaultListableBeanFactory     : Creating shared instance of singleton bean 'mvcConversionService'
2025-05-28T17:05:01.716-06:00 DEBUG 10460 --- [Recomendaciones] [           main] o.s.b.f.s.DefaultListableBeanFactory     : Creating shared instance of singleton bean 'mvcResourceUrlProvider'
2025-05-28T17:05:01.722-06:00 DEBUG 10460 --- [Recomendaciones] [           main] o.s.b.f.s.DefaultListableBeanFactory     : Autowiring by type from bean name 'welcomePageHandlerMapping' via factory method to bean named 'org.springframework.web.context.support.GenericWebApplicationContext@2fb68ec6'
2025-05-28T17:05:01.723-06:00 DEBUG 10460 --- [Recomendaciones] [           main] o.s.b.f.s.DefaultListableBeanFactory     : Autowiring by type from bean name 'welcomePageHandlerMapping' via factory method to bean named 'mvcConversionService'
2025-05-28T17:05:01.723-06:00 DEBUG 10460 --- [Recomendaciones] [           main] o.s.b.f.s.DefaultListableBeanFactory     : Autowiring by type from bean name 'welcomePageHandlerMapping' via factory method to bean named 'mvcResourceUrlProvider'
2025-05-28T17:05:01.823-06:00 DEBUG 10460 --- [Recomendaciones] [           main] o.s.b.f.s.DefaultListableBeanFactory     : Creating shared instance of singleton bean 'welcomePageNotAcceptableHandlerMapping'
2025-05-28T17:05:01.828-06:00 DEBUG 10460 --- [Recomendaciones] [           main] o.s.b.f.s.DefaultListableBeanFactory     : Autowiring by type from bean name 'welcomePageNotAcceptableHandlerMapping' via factory method to bean named 'org.springframework.web.context.support.GenericWebApplicationContext@2fb68ec6'
2025-05-28T17:05:01.828-06:00 DEBUG 10460 --- [Recomendaciones] [           main] o.s.b.f.s.DefaultListableBeanFactory     : Autowiring by type from bean name 'welcomePageNotAcceptableHandlerMapping' via factory method to bean named 'mvcConversionService'
2025-05-28T17:05:01.829-06:00 DEBUG 10460 --- [Recomendaciones] [           main] o.s.b.f.s.DefaultListableBeanFactory     : Autowiring by type from bean name 'welcomePageNotAcceptableHandlerMapping' via factory method to bean named 'mvcResourceUrlProvider'
2025-05-28T17:05:01.846-06:00 DEBUG 10460 --- [Recomendaciones] [           main] o.s.b.f.s.DefaultListableBeanFactory     : Creating shared instance of singleton bean 'requestMappingHandlerMapping'
2025-05-28T17:05:01.850-06:00 DEBUG 10460 --- [Recomendaciones] [           main] o.s.b.f.s.DefaultListableBeanFactory     : Autowiring by type from bean name 'requestMappingHandlerMapping' via factory method to bean named 'mvcContentNegotiationManager'
2025-05-28T17:05:01.851-06:00 DEBUG 10460 --- [Recomendaciones] [           main] o.s.b.f.s.DefaultListableBeanFactory     : Autowiring by type from bean name 'requestMappingHandlerMapping' via factory method to bean named 'mvcConversionService'
2025-05-28T17:05:01.851-06:00 DEBUG 10460 --- [Recomendaciones] [           main] o.s.b.f.s.DefaultListableBeanFactory     : Autowiring by type from bean name 'requestMappingHandlerMapping' via factory method to bean named 'mvcResourceUrlProvider'
2025-05-28T17:05:02.047-06:00 DEBUG 10460 --- [Recomendaciones] [           main] o.s.c.e.PropertySourcesPropertyResolver  : Found key 'server.error.path' in PropertySource 'environmentProperties' with value of type String
2025-05-28T17:05:02.050-06:00 DEBUG 10460 --- [Recomendaciones] [           main] o.s.c.e.PropertySourcesPropertyResolver  : Found key 'server.error.path' in PropertySource 'environmentProperties' with value of type String
2025-05-28T17:05:02.064-06:00 DEBUG 10460 --- [Recomendaciones] [           main] s.w.s.m.m.a.RequestMappingHandlerMapping : 25 mappings in 'requestMappingHandlerMapping'
2025-05-28T17:05:02.086-06:00 DEBUG 10460 --- [Recomendaciones] [           main] o.s.b.f.s.DefaultListableBeanFactory     : Creating shared instance of singleton bean 'viewControllerHandlerMapping'
2025-05-28T17:05:02.088-06:00 DEBUG 10460 --- [Recomendaciones] [           main] o.s.b.f.s.DefaultListableBeanFactory     : Autowiring by type from bean name 'viewControllerHandlerMapping' via factory method to bean named 'mvcConversionService'
2025-05-28T17:05:02.088-06:00 DEBUG 10460 --- [Recomendaciones] [           main] o.s.b.f.s.DefaultListableBeanFactory     : Autowiring by type from bean name 'viewControllerHandlerMapping' via factory method to bean named 'mvcResourceUrlProvider'
2025-05-28T17:05:02.091-06:00 DEBUG 10460 --- [Recomendaciones] [           main] o.s.b.f.s.DefaultListableBeanFactory     : Creating shared instance of singleton bean 'beanNameHandlerMapping'
2025-05-28T17:05:02.098-06:00 DEBUG 10460 --- [Recomendaciones] [           main] o.s.b.f.s.DefaultListableBeanFactory     : Autowiring by type from bean name 'beanNameHandlerMapping' via factory method to bean named 'mvcConversionService'
2025-05-28T17:05:02.098-06:00 DEBUG 10460 --- [Recomendaciones] [           main] o.s.b.f.s.DefaultListableBeanFactory     : Autowiring by type from bean name 'beanNameHandlerMapping' via factory method to bean named 'mvcResourceUrlProvider'
2025-05-28T17:05:02.113-06:00 DEBUG 10460 --- [Recomendaciones] [           main] o.s.b.f.s.DefaultListableBeanFactory     : Creating shared instance of singleton bean 'routerFunctionMapping'
2025-05-28T17:05:02.116-06:00 DEBUG 10460 --- [Recomendaciones] [           main] o.s.b.f.s.DefaultListableBeanFactory     : Autowiring by type from bean name 'routerFunctionMapping' via factory method to bean named 'mvcConversionService'
2025-05-28T17:05:02.116-06:00 DEBUG 10460 --- [Recomendaciones] [           main] o.s.b.f.s.DefaultListableBeanFactory     : Autowiring by type from bean name 'routerFunctionMapping' via factory method to bean named 'mvcResourceUrlProvider'
2025-05-28T17:05:02.118-06:00 DEBUG 10460 --- [Recomendaciones] [           main] o.s.b.f.s.DefaultListableBeanFactory     : Creating shared instance of singleton bean 'messageConverters'
2025-05-28T17:05:02.119-06:00 DEBUG 10460 --- [Recomendaciones] [           main] o.s.b.f.s.DefaultListableBeanFactory     : Creating shared instance of singleton bean 'org.springframework.boot.autoconfigure.http.HttpMessageConvertersAutoConfiguration'
2025-05-28T17:05:02.133-06:00 DEBUG 10460 --- [Recomendaciones] [           main] o.s.b.f.s.DefaultListableBeanFactory     : Creating shared instance of singleton bean 'stringHttpMessageConverter'
2025-05-28T17:05:02.134-06:00 DEBUG 10460 --- [Recomendaciones] [           main] o.s.b.f.s.DefaultListableBeanFactory     : Creating shared instance of singleton bean 'org.springframework.boot.autoconfigure.http.HttpMessageConvertersAutoConfiguration$StringHttpMessageConverterConfiguration'
2025-05-28T17:05:02.135-06:00 DEBUG 10460 --- [Recomendaciones] [           main] o.s.b.f.s.DefaultListableBeanFactory     : Autowiring by type from bean name 'stringHttpMessageConverter' via factory method to bean named 'environment'
2025-05-28T17:05:02.147-06:00 DEBUG 10460 --- [Recomendaciones] [           main] o.s.b.f.s.DefaultListableBeanFactory     : Creating shared instance of singleton bean 'mappingJackson2HttpMessageConverter'
2025-05-28T17:05:02.147-06:00 DEBUG 10460 --- [Recomendaciones] [           main] o.s.b.f.s.DefaultListableBeanFactory     : Creating shared instance of singleton bean 'org.springframework.boot.autoconfigure.http.JacksonHttpMessageConvertersConfiguration$MappingJackson2HttpMessageConverterConfiguration'
2025-05-28T17:05:02.149-06:00 DEBUG 10460 --- [Recomendaciones] [           main] o.s.b.f.s.DefaultListableBeanFactory     : Creating shared instance of singleton bean 'jacksonObjectMapper'
2025-05-28T17:05:02.149-06:00 DEBUG 10460 --- [Recomendaciones] [           main] o.s.b.f.s.DefaultListableBeanFactory     : Creating shared instance of singleton bean 'org.springframework.boot.autoconfigure.jackson.JacksonAutoConfiguration$JacksonObjectMapperConfiguration'
2025-05-28T17:05:02.151-06:00 DEBUG 10460 --- [Recomendaciones] [           main] o.s.b.f.s.DefaultListableBeanFactory     : Creating shared instance of singleton bean 'org.springframework.boot.autoconfigure.jackson.JacksonAutoConfiguration$JacksonObjectMapperBuilderConfiguration'
2025-05-28T17:05:02.153-06:00 DEBUG 10460 --- [Recomendaciones] [           main] o.s.b.f.s.DefaultListableBeanFactory     : Creating shared instance of singleton bean 'standardJacksonObjectMapperBuilderCustomizer'
2025-05-28T17:05:02.153-06:00 DEBUG 10460 --- [Recomendaciones] [           main] o.s.b.f.s.DefaultListableBeanFactory     : Creating shared instance of singleton bean 'org.springframework.boot.autoconfigure.jackson.JacksonAutoConfiguration$Jackson2ObjectMapperBuilderCustomizerConfiguration'
2025-05-28T17:05:02.155-06:00 DEBUG 10460 --- [Recomendaciones] [           main] o.s.b.f.s.DefaultListableBeanFactory     : Creating shared instance of singleton bean 'spring.jackson-org.springframework.boot.autoconfigure.jackson.JacksonProperties'
2025-05-28T17:05:02.169-06:00 DEBUG 10460 --- [Recomendaciones] [           main] o.s.b.f.s.DefaultListableBeanFactory     : Autowiring by type from bean name 'standardJacksonObjectMapperBuilderCustomizer' via factory method to bean named 'spring.jackson-org.springframework.boot.autoconfigure.jackson.JacksonProperties'
2025-05-28T17:05:02.171-06:00 DEBUG 10460 --- [Recomendaciones] [           main] o.s.b.f.s.DefaultListableBeanFactory     : Creating shared instance of singleton bean 'parameterNamesModule'
2025-05-28T17:05:02.172-06:00 DEBUG 10460 --- [Recomendaciones] [           main] o.s.b.f.s.DefaultListableBeanFactory     : Creating shared instance of singleton bean 'org.springframework.boot.autoconfigure.jackson.JacksonAutoConfiguration$ParameterNamesModuleConfiguration'
2025-05-28T17:05:02.181-06:00 DEBUG 10460 --- [Recomendaciones] [           main] o.s.b.f.s.DefaultListableBeanFactory     : Creating shared instance of singleton bean 'jsonMixinModule'
2025-05-28T17:05:02.181-06:00 DEBUG 10460 --- [Recomendaciones] [           main] o.s.b.f.s.DefaultListableBeanFactory     : Creating shared instance of singleton bean 'org.springframework.boot.autoconfigure.jackson.JacksonAutoConfiguration$JacksonMixinConfiguration'
2025-05-28T17:05:02.184-06:00 DEBUG 10460 --- [Recomendaciones] [           main] o.s.b.f.s.DefaultListableBeanFactory     : Creating shared instance of singleton bean 'jsonMixinModuleEntries'
2025-05-28T17:05:02.185-06:00 DEBUG 10460 --- [Recomendaciones] [           main] o.s.b.f.s.DefaultListableBeanFactory     : Autowiring by type from bean name 'jsonMixinModuleEntries' via factory method to bean named 'org.springframework.web.context.support.GenericWebApplicationContext@2fb68ec6'
2025-05-28T17:05:02.185-06:00 DEBUG 10460 --- [Recomendaciones] [           main] o.s.b.f.s.DefaultListableBeanFactory     : Creating shared instance of singleton bean 'org.springframework.boot.autoconfigure.AutoConfigurationPackages'
2025-05-28T17:05:02.188-06:00 DEBUG 10460 --- [Recomendaciones] [           main] o.s.b.a.AutoConfigurationPackages        : @EnableAutoConfiguration was declared on a class in the package 'mx.ipn.escom.Recomendaciones.auth'. Automatic @Repository and @Entity scanning is enabled.
2025-05-28T17:05:02.219-06:00 DEBUG 10460 --- [Recomendaciones] [           main] o.s.b.f.s.DefaultListableBeanFactory     : Autowiring by type from bean name 'jsonMixinModule' via factory method to bean named 'org.springframework.web.context.support.GenericWebApplicationContext@2fb68ec6'
2025-05-28T17:05:02.220-06:00 DEBUG 10460 --- [Recomendaciones] [           main] o.s.b.f.s.DefaultListableBeanFactory     : Autowiring by type from bean name 'jsonMixinModule' via factory method to bean named 'jsonMixinModuleEntries'
2025-05-28T17:05:02.230-06:00 DEBUG 10460 --- [Recomendaciones] [           main] o.s.b.f.s.DefaultListableBeanFactory     : Creating shared instance of singleton bean 'jsonComponentModule'
2025-05-28T17:05:02.231-06:00 DEBUG 10460 --- [Recomendaciones] [           main] o.s.b.f.s.DefaultListableBeanFactory     : Creating shared instance of singleton bean 'org.springframework.boot.autoconfigure.jackson.JacksonAutoConfiguration'
2025-05-28T17:05:02.246-06:00 DEBUG 10460 --- [Recomendaciones] [           main] o.s.b.f.s.DefaultListableBeanFactory     : Creating shared instance of singleton bean 'jacksonGeoModule'
2025-05-28T17:05:02.247-06:00 DEBUG 10460 --- [Recomendaciones] [           main] o.s.b.f.s.DefaultListableBeanFactory     : Creating shared instance of singleton bean 'org.springframework.data.web.config.SpringDataJacksonConfiguration'
2025-05-28T17:05:02.248-06:00 DEBUG 10460 --- [Recomendaciones] [           main] o.s.b.f.s.DefaultListableBeanFactory     : Creating shared instance of singleton bean 'springDataWebSettings'
2025-05-28T17:05:02.249-06:00 DEBUG 10460 --- [Recomendaciones] [           main] o.s.b.f.s.DefaultListableBeanFactory     : Creating shared instance of singleton bean 'org.springframework.boot.autoconfigure.data.web.SpringDataWebAutoConfiguration'
2025-05-28T17:05:02.250-06:00 DEBUG 10460 --- [Recomendaciones] [           main] o.s.b.f.s.DefaultListableBeanFactory     : Creating shared instance of singleton bean 'spring.data.web-org.springframework.boot.autoconfigure.data.web.SpringDataWebProperties'
2025-05-28T17:05:02.252-06:00 DEBUG 10460 --- [Recomendaciones] [           main] o.s.b.f.s.DefaultListableBeanFactory     : Autowiring by type from bean name 'org.springframework.boot.autoconfigure.data.web.SpringDataWebAutoConfiguration' via constructor to bean named 'spring.data.web-org.springframework.boot.autoconfigure.data.web.SpringDataWebProperties'
2025-05-28T17:05:02.273-06:00 DEBUG 10460 --- [Recomendaciones] [           main] o.s.b.f.s.DefaultListableBeanFactory     : Creating shared instance of singleton bean 'pageModule'
2025-05-28T17:05:02.281-06:00 DEBUG 10460 --- [Recomendaciones] [           main] o.s.b.f.s.DefaultListableBeanFactory     : Autowiring by type from bean name 'jacksonObjectMapperBuilder' via factory method to bean named 'org.springframework.web.context.support.GenericWebApplicationContext@2fb68ec6'
2025-05-28T17:05:02.282-06:00 DEBUG 10460 --- [Recomendaciones] [           main] o.s.b.f.s.DefaultListableBeanFactory     : Autowiring by type from bean name 'jacksonObjectMapperBuilder' via factory method to bean named 'standardJacksonObjectMapperBuilderCustomizer'
2025-05-28T17:05:02.287-06:00 DEBUG 10460 --- [Recomendaciones] [           main] o.s.b.f.s.DefaultListableBeanFactory     : Autowiring by type from bean name 'jacksonObjectMapper' via factory method to bean named 'jacksonObjectMapperBuilder'
2025-05-28T17:05:02.333-06:00 DEBUG 10460 --- [Recomendaciones] [           main] o.s.b.f.s.DefaultListableBeanFactory     : Autowiring by type from bean name 'mappingJackson2HttpMessageConverter' via factory method to bean named 'jacksonObjectMapper'
2025-05-28T17:05:02.467-06:00 DEBUG 10460 --- [Recomendaciones] [           main] o.s.b.f.s.DefaultListableBeanFactory     : Creating shared instance of singleton bean 'resourceHandlerMapping'
2025-05-28T17:05:02.469-06:00 DEBUG 10460 --- [Recomendaciones] [           main] o.s.b.f.s.DefaultListableBeanFactory     : Autowiring by type from bean name 'resourceHandlerMapping' via factory method to bean named 'mvcContentNegotiationManager'
2025-05-28T17:05:02.469-06:00 DEBUG 10460 --- [Recomendaciones] [           main] o.s.b.f.s.DefaultListableBeanFactory     : Autowiring by type from bean name 'resourceHandlerMapping' via factory method to bean named 'mvcConversionService'
2025-05-28T17:05:02.469-06:00 DEBUG 10460 --- [Recomendaciones] [           main] o.s.b.f.s.DefaultListableBeanFactory     : Autowiring by type from bean name 'resourceHandlerMapping' via factory method to bean named 'mvcResourceUrlProvider'
2025-05-28T17:05:02.510-06:00 DEBUG 10460 --- [Recomendaciones] [           main] o.s.w.s.handler.SimpleUrlHandlerMapping  : Patterns [/webjars/**, /**] in 'resourceHandlerMapping'
2025-05-28T17:05:02.514-06:00 DEBUG 10460 --- [Recomendaciones] [           main] o.s.b.f.s.DefaultListableBeanFactory     : Creating shared instance of singleton bean 'defaultServletHandlerMapping'
2025-05-28T17:05:02.541-06:00 DEBUG 10460 --- [Recomendaciones] [           main] o.s.b.f.s.DefaultListableBeanFactory     : Creating shared instance of singleton bean 'filterChain'
2025-05-28T17:05:02.543-06:00 DEBUG 10460 --- [Recomendaciones] [           main] o.s.b.f.s.DefaultListableBeanFactory     : Autowiring by type from bean name 'filterChain' via factory method to bean named 'org.springframework.security.config.annotation.web.configuration.HttpSecurityConfiguration.httpSecurity'
2025-05-28T17:05:02.554-06:00 DEBUG 10460 --- [Recomendaciones] [           main] o.s.b.f.s.DefaultListableBeanFactory     : Creating shared instance of singleton bean 'webAuthorizationManagerPostProcessor'
2025-05-28T17:05:02.682-06:00 DEBUG 10460 --- [Recomendaciones] [           main] o.s.b.f.s.DefaultListableBeanFactory     : Creating shared instance of singleton bean 'authenticationManagerPostProcessor'
2025-05-28T17:05:02.744-06:00 DEBUG 10460 --- [Recomendaciones] [           main] o.s.s.web.DefaultSecurityFilterChain     : Will secure any request with filters: DisableEncodeUrlFilter, WebAsyncManagerIntegrationFilter, SecurityContextHolderFilter, HeaderWriterFilter, LogoutFilter, UsernamePasswordAuthenticationFilter, RequestCacheAwareFilter, SecurityContextHolderAwareRequestFilter, AnonymousAuthenticationFilter, ExceptionTranslationFilter, AuthorizationFilter
2025-05-28T17:05:02.753-06:00 DEBUG 10460 --- [Recomendaciones] [           main] o.s.b.f.s.DefaultListableBeanFactory     : Creating shared instance of singleton bean 'delegatingApplicationListener'
2025-05-28T17:05:02.755-06:00 DEBUG 10460 --- [Recomendaciones] [           main] o.s.b.f.s.DefaultListableBeanFactory     : Creating shared instance of singleton bean 'springSecurityFilterChain'
2025-05-28T17:05:02.801-06:00 DEBUG 10460 --- [Recomendaciones] [           main] o.s.b.f.s.DefaultListableBeanFactory     : Creating shared instance of singleton bean 'webSecurityExpressionHandler'
2025-05-28T17:05:02.802-06:00 DEBUG 10460 --- [Recomendaciones] [           main] o.s.b.f.s.DefaultListableBeanFactory     : Creating shared instance of singleton bean 'privilegeEvaluator'
2025-05-28T17:05:02.804-06:00 DEBUG 10460 --- [Recomendaciones] [           main] o.s.b.f.s.DefaultListableBeanFactory     : Creating shared instance of singleton bean 'requestDataValueProcessor'
2025-05-28T17:05:02.808-06:00 DEBUG 10460 --- [Recomendaciones] [           main] o.s.b.f.s.DefaultListableBeanFactory     : Creating shared instance of singleton bean 'org.springframework.security.config.annotation.web.configuration.ObservationConfiguration'
2025-05-28T17:05:02.809-06:00 DEBUG 10460 --- [Recomendaciones] [           main] o.s.b.f.s.DefaultListableBeanFactory     : Creating shared instance of singleton bean '_prePostMethodSecurityConfiguration'
2025-05-28T17:05:02.811-06:00 DEBUG 10460 --- [Recomendaciones] [           main] o.s.b.f.s.DefaultListableBeanFactory     : Creating shared instance of singleton bean 'methodAuthorizationManagerPostProcessor'
2025-05-28T17:05:02.816-06:00 DEBUG 10460 --- [Recomendaciones] [           main] o.s.b.f.s.DefaultListableBeanFactory     : Creating shared instance of singleton bean 'methodResultAuthorizationManagerPostProcessor'
2025-05-28T17:05:02.831-06:00 DEBUG 10460 --- [Recomendaciones] [           main] o.s.b.f.s.DefaultListableBeanFactory     : Creating shared instance of singleton bean 'prePostAuthorizeExpressionHintsRegistrar'
2025-05-28T17:05:02.836-06:00 DEBUG 10460 --- [Recomendaciones] [           main] o.s.b.f.s.DefaultListableBeanFactory     : Creating shared instance of singleton bean 'org.springframework.security.config.annotation.method.configuration.AuthorizationProxyConfiguration'
2025-05-28T17:05:02.838-06:00 DEBUG 10460 --- [Recomendaciones] [           main] o.s.b.f.s.DefaultListableBeanFactory     : Creating shared instance of singleton bean 'authorizeReturnObjectHintsRegistrar'
2025-05-28T17:05:02.839-06:00 DEBUG 10460 --- [Recomendaciones] [           main] o.s.b.f.s.DefaultListableBeanFactory     : Autowiring by type from bean name 'authorizeReturnObjectHintsRegistrar' via factory method to bean named 'authorizationProxyFactory'
2025-05-28T17:05:02.842-06:00 DEBUG 10460 --- [Recomendaciones] [           main] o.s.b.f.s.DefaultListableBeanFactory     : Creating shared instance of singleton bean 'org.springframework.security.config.annotation.method.configuration.MethodObservationConfiguration'
2025-05-28T17:05:02.843-06:00 DEBUG 10460 --- [Recomendaciones] [           main] o.s.b.f.s.DefaultListableBeanFactory     : Creating shared instance of singleton bean 'org.springframework.data.jpa.util.JpaMetamodelCacheCleanup'
2025-05-28T17:05:02.845-06:00 DEBUG 10460 --- [Recomendaciones] [           main] o.s.b.f.s.DefaultListableBeanFactory     : Creating shared instance of singleton bean 'org.springframework.data.jpa.repository.support.JpaEvaluationContextExtension'
2025-05-28T17:05:02.848-06:00 DEBUG 10460 --- [Recomendaciones] [           main] o.s.b.f.s.DefaultListableBeanFactory     : Creating shared instance of singleton bean 'data-jpa.repository-aot-processor#0'
2025-05-28T17:05:02.866-06:00 DEBUG 10460 --- [Recomendaciones] [           main] o.s.b.f.s.DefaultListableBeanFactory     : Creating shared instance of singleton bean 'org.springframework.boot.autoconfigure.context.PropertyPlaceholderAutoConfiguration'
2025-05-28T17:05:02.868-06:00 DEBUG 10460 --- [Recomendaciones] [           main] o.s.b.f.s.DefaultListableBeanFactory     : Creating shared instance of singleton bean 'org.springframework.boot.autoconfigure.ssl.SslAutoConfiguration'
2025-05-28T17:05:02.870-06:00 DEBUG 10460 --- [Recomendaciones] [           main] o.s.b.f.s.DefaultListableBeanFactory     : Creating shared instance of singleton bean 'spring.ssl-org.springframework.boot.autoconfigure.ssl.SslProperties'
2025-05-28T17:05:02.875-06:00 DEBUG 10460 --- [Recomendaciones] [           main] o.s.b.f.s.DefaultListableBeanFactory     : Autowiring by type from bean name 'org.springframework.boot.autoconfigure.ssl.SslAutoConfiguration' via constructor to bean named 'org.springframework.web.context.support.GenericWebApplicationContext@2fb68ec6'
2025-05-28T17:05:02.875-06:00 DEBUG 10460 --- [Recomendaciones] [           main] o.s.b.f.s.DefaultListableBeanFactory     : Autowiring by type from bean name 'org.springframework.boot.autoconfigure.ssl.SslAutoConfiguration' via constructor to bean named 'spring.ssl-org.springframework.boot.autoconfigure.ssl.SslProperties'
2025-05-28T17:05:02.879-06:00 DEBUG 10460 --- [Recomendaciones] [           main] o.s.b.f.s.DefaultListableBeanFactory     : Creating shared instance of singleton bean 'fileWatcher'
2025-05-28T17:05:02.883-06:00 DEBUG 10460 --- [Recomendaciones] [           main] o.s.b.f.s.DefaultListableBeanFactory     : Creating shared instance of singleton bean 'sslPropertiesSslBundleRegistrar'
2025-05-28T17:05:02.884-06:00 DEBUG 10460 --- [Recomendaciones] [           main] o.s.b.f.s.DefaultListableBeanFactory     : Autowiring by type from bean name 'sslPropertiesSslBundleRegistrar' via factory method to bean named 'fileWatcher'
2025-05-28T17:05:02.892-06:00 DEBUG 10460 --- [Recomendaciones] [           main] o.s.b.f.s.DefaultListableBeanFactory     : Creating shared instance of singleton bean 'sslBundleRegistry'
2025-05-28T17:05:02.908-06:00 DEBUG 10460 --- [Recomendaciones] [           main] o.s.b.f.s.DefaultListableBeanFactory     : Creating shared instance of singleton bean 'org.springframework.boot.context.properties.EnableConfigurationPropertiesRegistrar.methodValidationExcludeFilter'
2025-05-28T17:05:02.910-06:00 DEBUG 10460 --- [Recomendaciones] [           main] o.s.b.f.s.DefaultListableBeanFactory     : Creating shared instance of singleton bean 'org.springframework.boot.autoconfigure.websocket.servlet.WebSocketServletAutoConfiguration$TomcatWebSocketConfiguration'
2025-05-28T17:05:02.911-06:00 DEBUG 10460 --- [Recomendaciones] [           main] o.s.b.f.s.DefaultListableBeanFactory     : Creating shared instance of singleton bean 'websocketServletWebServerCustomizer'
2025-05-28T17:05:02.916-06:00 DEBUG 10460 --- [Recomendaciones] [           main] o.s.b.f.s.DefaultListableBeanFactory     : Creating shared instance of singleton bean 'org.springframework.boot.autoconfigure.websocket.servlet.WebSocketServletAutoConfiguration'
2025-05-28T17:05:02.917-06:00 DEBUG 10460 --- [Recomendaciones] [           main] o.s.b.f.s.DefaultListableBeanFactory     : Creating shared instance of singleton bean 'org.springframework.boot.autoconfigure.web.servlet.ServletWebServerFactoryConfiguration$EmbeddedTomcat'
2025-05-28T17:05:02.917-06:00 DEBUG 10460 --- [Recomendaciones] [           main] o.s.b.f.s.DefaultListableBeanFactory     : Creating shared instance of singleton bean 'tomcatServletWebServerFactory'
2025-05-28T17:05:03.065-06:00 DEBUG 10460 --- [Recomendaciones] [           main] o.s.b.f.s.DefaultListableBeanFactory     : Creating shared instance of singleton bean 'servletWebServerFactoryCustomizer'
2025-05-28T17:05:03.066-06:00 DEBUG 10460 --- [Recomendaciones] [           main] o.s.b.f.s.DefaultListableBeanFactory     : Creating shared instance of singleton bean 'org.springframework.boot.autoconfigure.web.servlet.ServletWebServerFactoryAutoConfiguration'
2025-05-28T17:05:03.068-06:00 DEBUG 10460 --- [Recomendaciones] [           main] o.s.b.f.s.DefaultListableBeanFactory     : Creating shared instance of singleton bean 'server-org.springframework.boot.autoconfigure.web.ServerProperties'
2025-05-28T17:05:03.115-06:00 DEBUG 10460 --- [Recomendaciones] [           main] o.s.b.f.s.DefaultListableBeanFactory     : Autowiring by type from bean name 'servletWebServerFactoryCustomizer' via factory method to bean named 'server-org.springframework.boot.autoconfigure.web.ServerProperties'
2025-05-28T17:05:03.122-06:00 DEBUG 10460 --- [Recomendaciones] [           main] o.s.b.f.s.DefaultListableBeanFactory     : Creating shared instance of singleton bean 'tomcatServletWebServerFactoryCustomizer'
2025-05-28T17:05:03.123-06:00 DEBUG 10460 --- [Recomendaciones] [           main] o.s.b.f.s.DefaultListableBeanFactory     : Autowiring by type from bean name 'tomcatServletWebServerFactoryCustomizer' via factory method to bean named 'server-org.springframework.boot.autoconfigure.web.ServerProperties'
[...]

   Saml2RelyingPartyAutoConfiguration:
      Did not match:
         - @ConditionalOnClass did not find required class 'org.springframework.security.saml2.provider.service.registration.RelyingPartyRegistrationRepository' (OnClassCondition)

   SecurityDataConfiguration:
      Did not match:
         - @ConditionalOnClass did not find required class 'org.springframework.security.data.repository.query.SecurityEvaluationContextExtension' (OnClassCondition)

   SendGridAutoConfiguration:
      Did not match:
         - @ConditionalOnClass did not find required class 'com.sendgrid.SendGrid' (OnClassCondition)

   ServletWebServerFactoryAutoConfiguration.ForwardedHeaderFilterConfiguration:
      Did not match:
         - @ConditionalOnProperty (server.forward-headers-strategy=framework) did not find property 'server.forward-headers-strategy' (OnPropertyCondition)

   ServletWebServerFactoryConfiguration.EmbeddedJetty:
      Did not match:
         - @ConditionalOnClass did not find required classes 'org.eclipse.jetty.server.Server', 'org.eclipse.jetty.util.Loader', 'org.eclipse.jetty.ee10.webapp.WebAppContext' (OnClassCondition)

   ServletWebServerFactoryConfiguration.EmbeddedUndertow:
      Did not match:
         - @ConditionalOnClass did not find required classes 'io.undertow.Undertow', 'org.xnio.SslClientAuthMode' (OnClassCondition)

   SessionAutoConfiguration:
      Did not match:
         - @ConditionalOnClass did not find required class 'org.springframework.session.Session' (OnClassCondition)

   SpringApplicationAdminJmxAutoConfiguration:
      Did not match:
         - @ConditionalOnProperty (spring.application.admin.enabled=true) did not find property 'enabled' (OnPropertyCondition)

   SpringBootWebSecurityConfiguration.SecurityFilterChainConfiguration:
      Did not match:
         - AllNestedConditions 1 matched 1 did not; NestedCondition on DefaultWebSecurityCondition.Beans @ConditionalOnMissingBean (types: org.springframework.security.web.SecurityFilterChain; SearchStrategy: all) found beans of type 'org.springframework.security.web.SecurityFilterChain' filterChain; NestedCondition on DefaultWebSecurityCondition.Classes @ConditionalOnClass found required classes 'org.springframework.security.web.SecurityFilterChain', 'org.springframework.security.config.annotation.web.builders.HttpSecurity' (DefaultWebSecurityCondition)

   SpringBootWebSecurityConfiguration.WebSecurityEnablerConfiguration:
      Did not match:
         - @ConditionalOnMissingBean (names: springSecurityFilterChain; SearchStrategy: all) found beans named springSecurityFilterChain (OnBeanCondition)
      Matched:
         - @ConditionalOnClass found required class 'org.springframework.security.config.annotation.web.configuration.EnableWebSecurity' (OnClassCondition)

   TaskExecutorConfigurations.SimpleAsyncTaskExecutorBuilderConfiguration#simpleAsyncTaskExecutorBuilderVirtualThreads:
      Did not match:
         - @ConditionalOnMissingBean (types: org.springframework.boot.task.SimpleAsyncTaskExecutorBuilder; SearchStrategy: all) found beans of type 'org.springframework.boot.task.SimpleAsyncTaskExecutorBuilder' simpleAsyncTaskExecutorBuilder (OnBeanCondition)

   TaskExecutorConfigurations.TaskExecutorConfiguration#applicationTaskExecutorVirtualThreads:
      Did not match:
         - @ConditionalOnThreading did not find VIRTUAL (OnThreadingCondition)

   TaskSchedulingAutoConfiguration#scheduledBeanLazyInitializationExcludeFilter:
      Did not match:
         - @ConditionalOnBean (names: org.springframework.context.annotation.internalScheduledAnnotationProcessor; SearchStrategy: all) did not find any beans named org.springframework.context.annotation.internalScheduledAnnotationProcessor (OnBeanCondition)

   TaskSchedulingConfigurations.SimpleAsyncTaskSchedulerBuilderConfiguration#simpleAsyncTaskSchedulerBuilderVirtualThreads:
      Did not match:
         - @ConditionalOnMissingBean (types: org.springframework.boot.task.SimpleAsyncTaskSchedulerBuilder; SearchStrategy: all) found beans of type 'org.springframework.boot.task.SimpleAsyncTaskSchedulerBuilder' simpleAsyncTaskSchedulerBuilder (OnBeanCondition)

   TaskSchedulingConfigurations.TaskSchedulerConfiguration:
      Did not match:
         - @ConditionalOnBean (names: org.springframework.context.annotation.internalScheduledAnnotationProcessor; SearchStrategy: all) did not find any beans named org.springframework.context.annotation.internalScheduledAnnotationProcessor (OnBeanCondition)

   TemplateEngineConfigurations.ReactiveTemplateEngineConfiguration:
      Did not match:
         - did not find reactive web application classes (OnWebApplicationCondition)

   ThymeleafAutoConfiguration.DataAttributeDialectConfiguration:
      Did not match:
         - @ConditionalOnClass did not find required class 'com.github.mxab.thymeleaf.extras.dataattribute.dialect.DataAttributeDialect' (OnClassCondition)

   ThymeleafAutoConfiguration.ThymeleafWebFluxConfiguration:
      Did not match:
         - did not find reactive web application classes (OnWebApplicationCondition)

   ThymeleafAutoConfiguration.ThymeleafWebLayoutConfiguration:
      Did not match:
         - @ConditionalOnClass did not find required class 'nz.net.ultraq.thymeleaf.layoutdialect.LayoutDialect' (OnClassCondition)

   ThymeleafAutoConfiguration.ThymeleafWebMvcConfiguration#resourceUrlEncodingFilter:
      Did not match:
         - @ConditionalOnEnabledResourceChain did not find class org.webjars.WebJarVersionLocator (OnEnabledResourceChainCondition)

   TransactionAutoConfiguration#transactionalOperator:
      Did not match:
         - @ConditionalOnSingleCandidate (types: org.springframework.transaction.ReactiveTransactionManager; SearchStrategy: all) did not find any beans (OnBeanCondition)

   TransactionAutoConfiguration.AspectJTransactionManagementConfiguration:
      Did not match:
         - @ConditionalOnBean (types: org.springframework.transaction.aspectj.AbstractTransactionAspect; SearchStrategy: all) did not find any beans of type org.springframework.transaction.aspectj.AbstractTransactionAspect (OnBeanCondition)

   TransactionAutoConfiguration.EnableTransactionManagementConfiguration.JdkDynamicAutoProxyConfiguration:
      Did not match:
         - @ConditionalOnProperty (spring.aop.proxy-target-class=false) did not find property 'proxy-target-class' (OnPropertyCondition)

   UserDetailsServiceAutoConfiguration:
      Did not match:
         - @ConditionalOnMissingBean (types: org.springframework.security.authentication.AuthenticationManager,org.springframework.security.authentication.AuthenticationProvider,org.springframework.security.core.userdetails.UserDetailsService,org.springframework.security.authentication.AuthenticationManagerResolver,org.springframework.security.oauth2.jwt.JwtDecoder; SearchStrategy: all) found beans of type 'org.springframework.security.authentication.AuthenticationManager' authenticationManager and found beans of type 'org.springframework.security.core.userdetails.UserDetailsService' customUserDetailsService (OnBeanCondition)
      Matched:
         - @ConditionalOnClass found required class 'org.springframework.security.authentication.AuthenticationManager' (OnClassCondition)
         - found 'session' scope (OnWebApplicationCondition)
         - AnyNestedCondition 1 matched 2 did not; NestedCondition on UserDetailsServiceAutoConfiguration.MissingAlternativeOrUserPropertiesConfigured.PasswordConfigured @ConditionalOnProperty (spring.security.user.password) did not find property 'password'; NestedCondition on UserDetailsServiceAutoConfiguration.MissingAlternativeOrUserPropertiesConfigured.NameConfigured @ConditionalOnProperty (spring.security.user.name) did not find property 'name'; NestedCondition on UserDetailsServiceAutoConfiguration.MissingAlternativeOrUserPropertiesConfigured.MissingAlternative @ConditionalOnMissingClass did not find unwanted classes 'org.springframework.security.oauth2.client.registration.ClientRegistrationRepository', 'org.springframework.security.oauth2.server.resource.introspection.OpaqueTokenIntrospector', 'org.springframework.security.saml2.provider.service.registration.RelyingPartyRegistrationRepository' (UserDetailsServiceAutoConfiguration.MissingAlternativeOrUserPropertiesConfigured)

   ValidationAutoConfiguration:
      Did not match:
         - @ConditionalOnClass did not find required class 'jakarta.validation.executable.ExecutableValidator' (OnClassCondition)

   WebClientAutoConfiguration:
      Did not match:
         - @ConditionalOnClass did not find required class 'org.springframework.web.reactive.function.client.WebClient' (OnClassCondition)

   WebFluxAutoConfiguration:
      Did not match:
         - @ConditionalOnClass did not find required class 'org.springframework.web.reactive.config.WebFluxConfigurer' (OnClassCondition)

   WebMvcAutoConfiguration#hiddenHttpMethodFilter:
      Did not match:
         - @ConditionalOnProperty (spring.mvc.hiddenmethod.filter.enabled) did not find property 'enabled' (OnPropertyCondition)

   WebMvcAutoConfiguration.ProblemDetailsErrorHandlingConfiguration:
      Did not match:
         - @ConditionalOnProperty (spring.mvc.problemdetails.enabled=true) did not find property 'enabled' (OnPropertyCondition)

   WebMvcAutoConfiguration.ResourceChainCustomizerConfiguration:
      Did not match:
         - @ConditionalOnEnabledResourceChain did not find class org.webjars.WebJarVersionLocator (OnEnabledResourceChainCondition)

   WebMvcAutoConfiguration.WebMvcAutoConfigurationAdapter#beanNameViewResolver:
      Did not match:
         - @ConditionalOnBean (types: org.springframework.web.servlet.View; SearchStrategy: all) did not find any beans of type org.springframework.web.servlet.View (OnBeanCondition)

   WebServiceTemplateAutoConfiguration:
      Did not match:
         - @ConditionalOnClass did not find required class 'org.springframework.oxm.Marshaller' (OnClassCondition)

   WebServicesAutoConfiguration:
      Did not match:
         - @ConditionalOnClass did not find required class 'org.springframework.ws.transport.http.MessageDispatcherServlet' (OnClassCondition)

   WebSessionIdResolverAutoConfiguration:
      Did not match:
         - @ConditionalOnClass did not find required class 'reactor.core.publisher.Mono' (OnClassCondition)

   WebSocketMessagingAutoConfiguration:
      Did not match:
         - @ConditionalOnClass did not find required class 'org.springframework.web.socket.config.annotation.WebSocketMessageBrokerConfigurer' (OnClassCondition)

   WebSocketReactiveAutoConfiguration:
      Did not match:
         - @ConditionalOnWebApplication did not find reactive web application classes (OnWebApplicationCondition)

   WebSocketServletAutoConfiguration.JettyWebSocketConfiguration:
      Did not match:
         - @ConditionalOnClass did not find required class 'org.eclipse.jetty.ee10.websocket.jakarta.server.config.JakartaWebSocketServletContainerInitializer' (OnClassCondition)

   WebSocketServletAutoConfiguration.UndertowWebSocketConfiguration:
      Did not match:
         - @ConditionalOnClass did not find required class 'io.undertow.websockets.jsr.Bootstrap' (OnClassCondition)

   XADataSourceAutoConfiguration:
      Did not match:
         - @ConditionalOnBean (types: org.springframework.boot.jdbc.XADataSourceWrapper; SearchStrategy: all) did not find any beans of type org.springframework.boot.jdbc.XADataSourceWrapper (OnBeanCondition)
      Matched:
         - @ConditionalOnClass found required classes 'javax.sql.DataSource', 'jakarta.transaction.TransactionManager', 'org.springframework.jdbc.datasource.embedded.EmbeddedDatabaseType' (OnClassCondition)


Exclusions:
-----------

    None


Unconditional classes:
----------------------

    org.springframework.boot.autoconfigure.context.ConfigurationPropertiesAutoConfiguration

    org.springframework.boot.autoconfigure.ssl.SslAutoConfiguration

    org.springframework.boot.autoconfigure.context.LifecycleAutoConfiguration

    org.springframework.boot.autoconfigure.context.PropertyPlaceholderAutoConfiguration

    org.springframework.boot.autoconfigure.availability.ApplicationAvailabilityAutoConfiguration

    org.springframework.boot.autoconfigure.info.ProjectInfoAutoConfiguration



2025-05-28T17:05:04.081-06:00  INFO 10460 --- [Recomendaciones] [           main] m.i.e.R.RecomendacionesApplicationTests  : Started RecomendacionesApplicationTests in 14.306 seconds (process running for 16.793)
2025-05-28T17:05:04.085-06:00 DEBUG 10460 --- [Recomendaciones] [           main] o.s.b.a.ApplicationAvailabilityBean      : Application availability state LivenessState changed to CORRECT
2025-05-28T17:05:04.104-06:00 DEBUG 10460 --- [Recomendaciones] [           main] o.s.jdbc.core.JdbcTemplate               : Executing SQL query [SELECT 1]
2025-05-28T17:05:04.109-06:00 DEBUG 10460 --- [Recomendaciones] [           main] o.s.jdbc.datasource.DataSourceUtils      : Fetching JDBC Connection from DataSource
Conexión a la base de datos exitosa
2025-05-28T17:05:05.318-06:00 DEBUG 10460 --- [Recomendaciones] [           main] o.s.boot.devtools.restart.Restarter      : Creating new Restarter for thread Thread[#1,main,5,main]
2025-05-28T17:05:05.319-06:00 DEBUG 10460 --- [Recomendaciones] [           main] o.s.b.a.ApplicationAvailabilityBean      : Application availability state ReadinessState changed to ACCEPTING_TRAFFIC
2025-05-28T17:05:05.330-06:00 DEBUG 10460 --- [Recomendaciones] [           main] org.springframework.test.context.cache   : Spring test ApplicationContext cache statistics: [DefaultContextCache@299f9a81 size = 1, maxSize = 32, parentContextCount = 0, hitCount = 0, missCount = 1, failureCount = 0]
2025-05-28T17:05:05.332-06:00 DEBUG 10460 --- [Recomendaciones] [           main] o.s.t.c.w.ServletTestExecutionListener   : Setting up MockHttpServletRequest, MockHttpServletResponse, ServletWebRequest, and RequestContextHolder for test class mx.ipn.escom.Recomendaciones.RecomendacionesApplicationTests
2025-05-28T17:05:05.387-06:00 DEBUG 10460 --- [Recomendaciones] [           main] DependencyInjectionTestExecutionListener : Performing dependency injection for test class mx.ipn.escom.Recomendaciones.RecomendacionesApplicationTests
2025-05-28T17:05:05.388-06:00 DEBUG 10460 --- [Recomendaciones] [           main] org.springframework.test.context.cache   : Spring test ApplicationContext cache statistics: [DefaultContextCache@299f9a81 size = 1, maxSize = 32, parentContextCount = 0, hitCount = 1, missCount = 1, failureCount = 0]
2025-05-28T17:05:05.397-06:00 DEBUG 10460 --- [Recomendaciones] [           main] org.springframework.test.context.cache   : Spring test ApplicationContext cache statistics: [DefaultContextCache@299f9a81 size = 1, maxSize = 32, parentContextCount = 0, hitCount = 2, missCount = 1, failureCount = 0]
2025-05-28T17:05:05.418-06:00 DEBUG 10460 --- [Recomendaciones] [           main] sContextBeforeModesTestExecutionListener : Before test method: class [RecomendacionesApplicationTests], method [contextLoads], class annotated with @DirtiesContext [false] with mode [null], method annotated with @DirtiesContext [false] with mode [null]
2025-05-28T17:05:05.433-06:00 DEBUG 10460 --- [Recomendaciones] [           main] org.springframework.test.context.cache   : Spring test ApplicationContext cache statistics: [DefaultContextCache@299f9a81 size = 1, maxSize = 32, parentContextCount = 0, hitCount = 3, missCount = 1, failureCount = 0]
2025-05-28T17:05:05.434-06:00 DEBUG 10460 --- [Recomendaciones] [           main] org.springframework.test.context.cache   : Spring test ApplicationContext cache statistics: [DefaultContextCache@299f9a81 size = 1, maxSize = 32, parentContextCount = 0, hitCount = 4, missCount = 1, failureCount = 0]
2025-05-28T17:05:06.722-06:00 DEBUG 10460 --- [Recomendaciones] [           main] org.springframework.test.context.cache   : Spring test ApplicationContext cache statistics: [DefaultContextCache@299f9a81 size = 1, maxSize = 32, parentContextCount = 0, hitCount = 5, missCount = 1, failureCount = 0]
2025-05-28T17:05:06.731-06:00 DEBUG 10460 --- [Recomendaciones] [           main] org.springframework.test.context.cache   : Spring test ApplicationContext cache statistics: [DefaultContextCache@299f9a81 size = 1, maxSize = 32, parentContextCount = 0, hitCount = 6, missCount = 1, failureCount = 0]
2025-05-28T17:05:06.748-06:00 DEBUG 10460 --- [Recomendaciones] [           main] org.springframework.test.context.cache   : Spring test ApplicationContext cache statistics: [DefaultContextCache@299f9a81 size = 1, maxSize = 32, parentContextCount = 0, hitCount = 7, missCount = 1, failureCount = 0]
2025-05-28T17:05:06.751-06:00 DEBUG 10460 --- [Recomendaciones] [           main] org.springframework.test.context.cache   : Spring test ApplicationContext cache statistics: [DefaultContextCache@299f9a81 size = 1, maxSize = 32, parentContextCount = 0, hitCount = 8, missCount = 1, failureCount = 0]
2025-05-28T17:05:06.753-06:00 DEBUG 10460 --- [Recomendaciones] [           main] org.springframework.test.context.cache   : Spring test ApplicationContext cache statistics: [DefaultContextCache@299f9a81 size = 1, maxSize = 32, parentContextCount = 0, hitCount = 9, missCount = 1, failureCount = 0]
2025-05-28T17:05:06.754-06:00 DEBUG 10460 --- [Recomendaciones] [           main] org.springframework.test.context.cache   : Spring test ApplicationContext cache statistics: [DefaultContextCache@299f9a81 size = 1, maxSize = 32, parentContextCount = 0, hitCount = 10, missCount = 1, failureCount = 0]
2025-05-28T17:05:06.758-06:00 DEBUG 10460 --- [Recomendaciones] [           main] org.springframework.test.context.cache   : Spring test ApplicationContext cache statistics: [DefaultContextCache@299f9a81 size = 1, maxSize = 32, parentContextCount = 0, hitCount = 11, missCount = 1, failureCount = 0]
2025-05-28T17:05:06.762-06:00 DEBUG 10460 --- [Recomendaciones] [           main] org.springframework.test.context.cache   : Spring test ApplicationContext cache statistics: [DefaultContextCache@299f9a81 size = 1, maxSize = 32, parentContextCount = 0, hitCount = 12, missCount = 1, failureCount = 0]
2025-05-28T17:05:06.766-06:00 DEBUG 10460 --- [Recomendaciones] [           main] org.springframework.test.context.cache   : Spring test ApplicationContext cache statistics: [DefaultContextCache@299f9a81 size = 1, maxSize = 32, parentContextCount = 0, hitCount = 13, missCount = 1, failureCount = 0]
2025-05-28T17:05:06.767-06:00 DEBUG 10460 --- [Recomendaciones] [           main] .c.s.DirtiesContextTestExecutionListener : After test method: class [RecomendacionesApplicationTests], method [contextLoads], class annotated with @DirtiesContext [false] with mode [null], method annotated with @DirtiesContext [false] with mode [null]
2025-05-28T17:05:06.768-06:00 DEBUG 10460 --- [Recomendaciones] [           main] o.s.t.c.w.ServletTestExecutionListener   : Resetting RequestContextHolder for test class mx.ipn.escom.Recomendaciones.RecomendacionesApplicationTests
]]></system-out>
    <system-err><![CDATA[Mockito is currently self-attaching to enable the inline-mock-maker. This will no longer work in future releases of the JDK. Please add Mockito as an agent to your build what is described in Mockito's documentation: https://javadoc.io/doc/org.mockito/mockito-core/latest/org/mockito/Mockito.html#0.3
WARNING: A Java agent has been loaded dynamically (C:\Users\isaac\.m2\repository\net\bytebuddy\byte-buddy-agent\1.15.11\byte-buddy-agent-1.15.11.jar)
WARNING: If a serviceability tool is in use, please run with -XX:+EnableDynamicAgentLoading to hide this warning
WARNING: If a serviceability tool is not in use, please run with -Djdk.instrument.traceUsage for more information
WARNING: Dynamic loading of agents will be disallowed by default in a future release
]]></system-err>
  </testcase>
</testsuite>